Unity Editor version:    2022.3.6f1 (b9e6e7e9fa2d)
Branch:                  2022.3/staging
Build type:              Release
Batch mode:              YES
System name:             Linux
Distro version:          #1 SMP PREEMPT_DYNAMIC Fri, 11 Aug 2023 11:03:36 +0000
Kernel version:          6.4.10-arch1-1
Architecture:            x86_64
Available memory:        14922 MB
Using pre-set license
Pro License: YES
Desktop is 1920 x 1080 @ 60 Hz
Initialize udev device monitor.

COMMAND LINE ARGUMENTS:
Unity
-adb2
-batchMode
-noUpm
-name
AssetImportWorker0
-projectPath
/home/zixxa/unity_projects/snake
-logFile
Logs/AssetImportWorker0.log
-srvPort
42947
Successfully changed project path to: /home/zixxa/unity_projects/snake
/home/zixxa/unity_projects/snake
[UnityMemory] Configuration Parameters - Can be set up in boot.config
    "memorysetup-bucket-allocator-granularity=16"
    "memorysetup-bucket-allocator-bucket-count=8"
    "memorysetup-bucket-allocator-block-size=33554432"
    "memorysetup-bucket-allocator-block-count=8"
    "memorysetup-main-allocator-block-size=16777216"
    "memorysetup-thread-allocator-block-size=16777216"
    "memorysetup-gfx-main-allocator-block-size=16777216"
    "memorysetup-gfx-thread-allocator-block-size=16777216"
    "memorysetup-cache-allocator-block-size=4194304"
    "memorysetup-typetree-allocator-block-size=2097152"
    "memorysetup-profiler-bucket-allocator-granularity=16"
    "memorysetup-profiler-bucket-allocator-bucket-count=8"
    "memorysetup-profiler-bucket-allocator-block-size=33554432"
    "memorysetup-profiler-bucket-allocator-block-count=8"
    "memorysetup-profiler-allocator-block-size=16777216"
    "memorysetup-profiler-editor-allocator-block-size=1048576"
    "memorysetup-temp-allocator-size-main=16777216"
    "memorysetup-job-temp-allocator-block-size=2097152"
    "memorysetup-job-temp-allocator-block-size-background=1048576"
    "memorysetup-job-temp-allocator-reduction-small-platforms=262144"
    "memorysetup-allocator-temp-initial-block-size-main=262144"
    "memorysetup-allocator-temp-initial-block-size-worker=262144"
    "memorysetup-temp-allocator-size-background-worker=32768"
    "memorysetup-temp-allocator-size-job-worker=262144"
    "memorysetup-temp-allocator-size-preload-manager=33554432"
    "memorysetup-temp-allocator-size-nav-mesh-worker=65536"
    "memorysetup-temp-allocator-size-audio-worker=65536"
    "memorysetup-temp-allocator-size-cloud-worker=32768"
    "memorysetup-temp-allocator-size-gi-baking-worker=262144"
    "memorysetup-temp-allocator-size-gfx=262144"
Player connection [140168992834304] Host "[IP] 192.168.1.9 [Port] 0 [Flags] 2 [Guid] 4271854146 [EditorId] 4271854146 [Version] 1048832 [Id] LinuxEditor(16,192.168.1.9) [Debug] 1 [PackageName] LinuxEditor [ProjectName] Editor" joined multi-casting on [225.0.0.222:54997]...

Player connection [140168992834304] Host "[IP] 192.168.1.9 [Port] 0 [Flags] 2 [Guid] 4271854146 [EditorId] 4271854146 [Version] 1048832 [Id] LinuxEditor(16,192.168.1.9) [Debug] 1 [PackageName] LinuxEditor [ProjectName] Editor" joined alternative multi-casting on [225.0.0.222:34997]...

Refreshing native plugins compatible for Editor in 9,39 ms, found 0 plugins.
Preloading 0 native plugins for Editor in 0,00 ms.
Initialize engine version: 2022.3.6f1 (b9e6e7e9fa2d)
[Subsystems] Discovering subsystems at path /home/zixxa/Unity/Hub/Editor/2022.3.6f1/Editor/Data/Resources/UnitySubsystems
[Subsystems] Discovering subsystems at path /home/zixxa/unity_projects/snake/Assets
GLX Extensions: GLX_ARB_context_flush_control GLX_ARB_create_context GLX_ARB_create_context_no_error GLX_ARB_create_context_profile GLX_ARB_create_context_robustness GLX_ARB_fbconfig_float GLX_ARB_framebuffer_sRGB GLX_ARB_get_proc_address GLX_ARB_multisample GLX_EXT_buffer_age GLX_EXT_create_context_es2_profile GLX_EXT_create_context_es_profile GLX_EXT_fbconfig_packed_float GLX_EXT_framebuffer_sRGB GLX_EXT_no_config_context GLX_EXT_swap_control GLX_EXT_swap_control_tear GLX_EXT_texture_from_pixmap GLX_EXT_visual_info GLX_EXT_visual_rating GLX_INTEL_swap_event GLX_MESA_copy_sub_buffer GLX_MESA_query_renderer GLX_MESA_swap_control GLX_OML_swap_method GLX_OML_sync_control GLX_SGIS_multisample GLX_SGIX_fbconfig GLX_SGIX_pbuffer GLX_SGIX_visual_select_group GLX_SGI_make_current_read GLX_SGI_swap_control GLX_SGI_video_sync 
Renderer: AMD Radeon Vega 10 Graphics (raven, LLVM 15.0.7, DRM 3.52, 6.4.10-arch1-1)
Vendor:   AMD
Version:  4.6 (Core Profile) Mesa 23.1.5
GLES:     0
 GL_AMD_conservative_depth GL_AMD_depth_clamp_separate GL_AMD_draw_buffers_blend GL_AMD_framebuffer_multisample_advanced GL_AMD_gpu_shader_int64 GL_AMD_multi_draw_indirect GL_AMD_performance_monitor GL_AMD_pinned_memory GL_AMD_query_buffer_object GL_AMD_seamless_cubemap_per_texture GL_AMD_shader_stencil_export GL_AMD_shader_trinary_minmax GL_AMD_texture_texture4 GL_AMD_vertex_shader_layer GL_AMD_vertex_shader_viewport_index GL_ANGLE_texture_compression_dxt3 GL_ANGLE_texture_compression_dxt5 GL_ARB_ES2_compatibility GL_ARB_ES3_1_compatibility GL_ARB_ES3_2_compatibility GL_ARB_ES3_compatibility GL_ARB_arrays_of_arrays GL_ARB_base_instance GL_ARB_bindless_texture GL_ARB_blend_func_extended GL_ARB_buffer_storage GL_ARB_clear_buffer_object GL_ARB_clear_texture GL_ARB_clip_control GL_ARB_color_buffer_float GL_ARB_compressed_texture_pixel_storage GL_ARB_compute_shader GL_ARB_compute_variable_group_size GL_ARB_conditional_render_inverted GL_ARB_conservative_depth GL_ARB_copy_buffer GL_ARB_copy_image GL_ARB_cull_dist
ance GL_ARB_debug_output GL_ARB_depth_buffer_float GL_ARB_depth_clamp GL_ARB_derivative_control GL_ARB_direct_state_access GL_ARB_draw_buffers GL_ARB_draw_buffers_blend GL_ARB_draw_elements_base_vertex GL_ARB_draw_indirect GL_ARB_draw_instanced GL_ARB_enhanced_layouts GL_ARB_explicit_attrib_location GL_ARB_explicit_uniform_location GL_ARB_fragment_coord_conventions GL_ARB_fragment_layer_viewport GL_ARB_fragment_shader GL_ARB_framebuffer_no_attachments GL_ARB_framebuffer_object GL_ARB_framebuffer_sRGB GL_ARB_get_program_binary GL_ARB_get_texture_sub_image GL_ARB_gl_spirv GL_ARB_gpu_shader5 GL_ARB_gpu_shader_fp64 GL_ARB_gpu_shader_int64 GL_ARB_half_float_pixel GL_ARB_half_float_vertex GL_ARB_indirect_parameters GL_ARB_instanced_arrays GL_ARB_internalformat_query GL_ARB_internalformat_query2 GL_ARB_invalidate_subdata GL_ARB_map_buffer_alignment GL_ARB_map_buffer_range GL_ARB_multi_bind GL_ARB_multi_draw_indirect GL_ARB_occlusion_query2 GL_ARB_parallel_shader_compile GL_ARB_pipeline_statistics_query GL_ARB_pixel
_buffer_object GL_ARB_point_sprite GL_ARB_polygon_offset_clamp GL_ARB_program_interface_query GL_ARB_provoking_vertex GL_ARB_query_buffer_object GL_ARB_robust_buffer_access_behavior GL_ARB_robustness GL_ARB_sample_shading GL_ARB_sampler_objects GL_ARB_seamless_cube_map GL_ARB_seamless_cubemap_per_texture GL_ARB_separate_shader_objects GL_ARB_shader_atomic_counter_ops GL_ARB_shader_atomic_counters GL_ARB_shader_ballot GL_ARB_shader_bit_encoding GL_ARB_shader_clock GL_ARB_shader_draw_parameters GL_ARB_shader_group_vote GL_ARB_shader_image_load_store GL_ARB_shader_image_size GL_ARB_shader_objects GL_ARB_shader_precision GL_ARB_shader_stencil_export GL_ARB_shader_storage_buffer_object GL_ARB_shader_subroutine GL_ARB_shader_texture_image_samples GL_ARB_shader_texture_lod GL_ARB_shader_viewport_layer_array GL_ARB_shading_language_420pack GL_ARB_shading_language_include GL_ARB_shading_language_packing GL_ARB_sparse_buffer GL_ARB_sparse_texture GL_ARB_sparse_texture2 GL_ARB_sparse_texture_clamp GL_ARB_spirv_extensio
ns GL_ARB_stencil_texturing GL_ARB_sync GL_ARB_tessellation_shader GL_ARB_texture_barrier GL_ARB_texture_buffer_object GL_ARB_texture_buffer_object_rgb32 GL_ARB_texture_buffer_range GL_ARB_texture_compression_bptc GL_ARB_texture_compression_rgtc GL_ARB_texture_cube_map_array GL_ARB_texture_filter_anisotropic GL_ARB_texture_float GL_ARB_texture_gather GL_ARB_texture_mirror_clamp_to_edge GL_ARB_texture_multisample GL_ARB_texture_non_power_of_two GL_ARB_texture_query_levels GL_ARB_texture_query_lod GL_ARB_texture_rectangle GL_ARB_texture_rg GL_ARB_texture_rgb10_a2ui GL_ARB_texture_stencil8 GL_ARB_texture_storage GL_ARB_texture_storage_multisample GL_ARB_texture_swizzle GL_ARB_texture_view GL_ARB_timer_query GL_ARB_transform_feedback2 GL_ARB_transform_feedback3 GL_ARB_transform_feedback_instanced GL_ARB_transform_feedback_overflow_query GL_ARB_uniform_buffer_object GL_ARB_vertex_array_bgra GL_ARB_vertex_array_object GL_ARB_vertex_attrib_64bit GL_ARB_vertex_attrib_binding GL_ARB_vertex_buffer_object GL_ARB_vertex
_shader GL_ARB_vertex_type_10f_11f_11f_rev GL_ARB_vertex_type_2_10_10_10_rev GL_ARB_viewport_array GL_ATI_blend_equation_separate GL_ATI_meminfo GL_ATI_texture_float GL_ATI_texture_mirror_once GL_EXT_EGL_image_storage GL_EXT_EGL_sync GL_EXT_abgr GL_EXT_blend_equation_separate GL_EXT_debug_label GL_EXT_demote_to_helper_invocation GL_EXT_depth_bounds_test GL_EXT_draw_buffers2 GL_EXT_draw_instanced GL_EXT_framebuffer_blit GL_EXT_framebuffer_multisample GL_EXT_framebuffer_multisample_blit_scaled GL_EXT_framebuffer_object GL_EXT_framebuffer_sRGB GL_EXT_memory_object GL_EXT_memory_object_fd GL_EXT_packed_depth_stencil GL_EXT_packed_float GL_EXT_pixel_buffer_object GL_EXT_polygon_offset_clamp GL_EXT_provoking_vertex GL_EXT_semaphore GL_EXT_semaphore_fd GL_EXT_shader_image_load_formatted GL_EXT_shader_image_load_store GL_EXT_shader_integer_mix GL_EXT_shader_samples_identical GL_EXT_texture_array GL_EXT_texture_compression_dxt1 GL_EXT_texture_compression_rgtc GL_EXT_texture_compression_s3tc GL_EXT_texture_filter_anis
otropic GL_EXT_texture_integer GL_EXT_texture_mirror_clamp GL_EXT_texture_sRGB GL_EXT_texture_sRGB_R8 GL_EXT_texture_sRGB_decode GL_EXT_texture_shadow_lod GL_EXT_texture_shared_exponent GL_EXT_texture_snorm GL_EXT_texture_swizzle GL_EXT_timer_query GL_EXT_transform_feedback GL_EXT_vertex_array_bgra GL_EXT_vertex_attrib_64bit GL_EXT_window_rectangles GL_IBM_multimode_draw_arrays GL_INTEL_blackhole_render GL_KHR_blend_equation_advanced GL_KHR_context_flush_control GL_KHR_debug GL_KHR_no_error GL_KHR_parallel_shader_compile GL_KHR_robust_buffer_access_behavior GL_KHR_robustness GL_KHR_texture_compression_astc_ldr GL_KHR_texture_compression_astc_sliced_3d GL_MESA_framebuffer_flip_y GL_MESA_pack_invert GL_MESA_shader_integer_functions GL_MESA_texture_signed_rgba GL_NVX_gpu_memory_info GL_NV_alpha_to_coverage_dither_control GL_NV_compute_shader_derivatives GL_NV_conditional_render GL_NV_copy_image GL_NV_depth_clamp GL_NV_packed_depth_stencil GL_NV_shader_atomic_int64 GL_NV_texture_barrier GL_NV_vdpau_interop GL_OE
S_EGL_image GL_S3_s3tc
OPENGL LOG: Creating OpenGL 4.6 graphics device ; Context level  <OpenGL 4.5> ; Context handle 122261312
Initialize mono
Mono path[0] = '/home/zixxa/Unity/Hub/Editor/2022.3.6f1/Editor/Data/Managed'
Mono path[1] = '/home/zixxa/Unity/Hub/Editor/2022.3.6f1/Editor/Data/MonoBleedingEdge/lib/mono/unityjit-linux'
Mono config path = '/home/zixxa/Unity/Hub/Editor/2022.3.6f1/Editor/Data/MonoBleedingEdge/etc'
Using monoOptions --debugger-agent=transport=dt_socket,embedding=1,server=y,suspend=n,address=127.0.0.1:56255
Begin MonoManager ReloadAssembly
Registering precompiled unity dll's ...
Register platform support module: /home/zixxa/Unity/Hub/Editor/2022.3.6f1/Editor/Data/PlaybackEngines/AndroidPlayer/UnityEditor.Android.Extensions.dll
Register platform support module: /home/zixxa/Unity/Hub/Editor/2022.3.6f1/Editor/Data/PlaybackEngines/WindowsStandaloneSupport/UnityEditor.WindowsStandalone.Extensions.dll
Register platform support module: /home/zixxa/Unity/Hub/Editor/2022.3.6f1/Editor/Data/PlaybackEngines/LinuxStandaloneSupport/UnityEditor.LinuxStandalone.Extensions.dll
Registered in 0,045929 seconds.
- Loaded All Assemblies, in  1,014 seconds
Native extension for LinuxStandalone target not found
Native extension for WindowsStandalone target not found
Native extension for Android target not found
Android Extension - Scanning For ADB Devices 582 ms
Mono: successfully reloaded assembly
- Finished resetting the current domain, in  1,855 seconds
Domain Reload Profiling: 2869ms
	BeginReloadAssembly (184ms)
		ExecutionOrderSort (0ms)
		DisableScriptedObjects (0ms)
		BackupInstance (0ms)
		ReleaseScriptingObjects (0ms)
		CreateAndSetChildDomain (2ms)
	RebuildCommonClasses (124ms)
	RebuildNativeTypeToScriptingClass (28ms)
	initialDomainReloadingComplete (220ms)
	LoadAllAssembliesAndSetupDomain (456ms)
		LoadAssemblies (185ms)
		RebuildTransferFunctionScriptingTraits (0ms)
		AnalyzeDomain (446ms)
			TypeCache.Refresh (443ms)
				TypeCache.ScanAssembly (411ms)
			ScanForSourceGeneratedMonoScriptInfo (1ms)
			ResolveRequiredComponents (1ms)
	FinalizeReload (1856ms)
		ReleaseScriptCaches (0ms)
		RebuildScriptCaches (0ms)
		SetupLoadedEditorAssemblies (1630ms)
			LogAssemblyErrors (0ms)
			InitializePlatformSupportModulesInManaged (1091ms)
			SetLoadedEditorAssemblies (17ms)
			RefreshPlugins (0ms)
			BeforeProcessingInitializeOnLoad (9ms)
			ProcessInitializeOnLoadAttributes (349ms)
			ProcessInitializeOnLoadMethodAttributes (163ms)
			AfterProcessingInitializeOnLoad (0ms)
			EditorAssembliesLoaded (0ms)
		ExecutionOrderSort2 (0ms)
		AwakeInstancesAfterBackupRestoration (0ms)
========================================================================
Worker process is ready to serve import requests
Begin MonoManager ReloadAssembly
Symbol file LoadedFromMemory doesn't match image /home/zixxa/unity_projects/snake/Library/PackageCache/com.unity.visualscripting@1.8.0/Editor/VisualScripting.Core/Dependencies/YamlDotNet/Unity.VisualScripting.YamlDotNet.dll
Symbol file LoadedFromMemory doesn't match image /home/zixxa/unity_projects/snake/Library/PackageCache/com.unity.visualscripting@1.8.0/Editor/VisualScripting.Core/Dependencies/DotNetZip/Unity.VisualScripting.IonicZip.dll
- Loaded All Assemblies, in  2,191 seconds
Refreshing native plugins compatible for Editor in 4,66 ms, found 0 plugins.
Native extension for LinuxStandalone target not found
Native extension for WindowsStandalone target not found
Native extension for Android target not found
Mono: successfully reloaded assembly
- Finished resetting the current domain, in  2,076 seconds
Domain Reload Profiling: 4264ms
	BeginReloadAssembly (367ms)
		ExecutionOrderSort (0ms)
		DisableScriptedObjects (20ms)
		BackupInstance (0ms)
		ReleaseScriptingObjects (0ms)
		CreateAndSetChildDomain (79ms)
	RebuildCommonClasses (122ms)
	RebuildNativeTypeToScriptingClass (26ms)
	initialDomainReloadingComplete (142ms)
	LoadAllAssembliesAndSetupDomain (1529ms)
		LoadAssemblies (651ms)
		RebuildTransferFunctionScriptingTraits (0ms)
		AnalyzeDomain (1031ms)
			TypeCache.Refresh (961ms)
				TypeCache.ScanAssembly (916ms)
			ScanForSourceGeneratedMonoScriptInfo (55ms)
			ResolveRequiredComponents (15ms)
	FinalizeReload (2077ms)
		ReleaseScriptCaches (0ms)
		RebuildScriptCaches (0ms)
		SetupLoadedEditorAssemblies (1462ms)
			LogAssemblyErrors (0ms)
			InitializePlatformSupportModulesInManaged (170ms)
			SetLoadedEditorAssemblies (22ms)
			RefreshPlugins (0ms)
			BeforeProcessingInitializeOnLoad (324ms)
			ProcessInitializeOnLoadAttributes (853ms)
			ProcessInitializeOnLoadMethodAttributes (73ms)
			AfterProcessingInitializeOnLoad (20ms)
			EditorAssembliesLoaded (1ms)
		ExecutionOrderSort2 (0ms)
		AwakeInstancesAfterBackupRestoration (14ms)
Launched and connected shader compiler UnityShaderCompiler after 0.03 seconds
Refreshing native plugins compatible for Editor in 5,09 ms, found 0 plugins.
Preloading 0 native plugins for Editor in 0,00 ms.
Unloading 3245 Unused Serialized files (Serialized files now loaded: 0)
Unloading 30 unused Assets / (29,1 KB). Loaded Objects now: 3735.
Memory consumption went from 137,2 MB to 137,2 MB.
Total: 12,925959 ms (FindLiveObjects: 0,497984 ms CreateObjectMapping: 0,266260 ms MarkObjects: 11,561710 ms  DeleteObjects: 0,596579 ms)

AssetImportParameters requested are different than current active one (requested -> active):
  custom:container-demuxer-ogg: 62fdf1f143b41e24485cea50d1cbac27 -> 
  custom:video-decoder-ogg-theora: a1e56fd34408186e4bbccfd4996cb3dc -> 
  custom:CustomObjectIndexerAttribute: 306bfa6df2d96854e1ebb52f3ddacab7 -> 
  custom:container-demuxer-webm: 4f35f7cbe854078d1ac9338744f61a02 -> 
  custom:container-muxer-webm: aa71ff27fc2769a1b78a27578f13a17b -> 
  custom:video-decoder-webm-vp8: 9c59270c3fd7afecdb556c50c9e8de78 -> 
  custom:SearchIndexIgnoredProperties: e643bd26f0fe6173181afceb89e7c659 -> 
  custom:AudioImporter_EditorPlatform: 2f0ff77a95e0ac474e3e8eeba4e2f7cb -> 
  custom:video-encoder-webm-vp8: eb34c28f22e8b96e1ab97ce403110664 -> 
  custom:audio-decoder-ogg-vorbis: bf7c407c2cedff20999df2af8eb42d56 -> 
  custom:audio-encoder-webm-vorbis: bf7c407c2cedff20999df2af8eb42d56 -> 
========================================================================
Received Import Request.
  Time since last request: 8130,489054 seconds.
  path: Assets/Resources/Dialogs/MenuDialog.prefab
  artifactKey: Guid(a1314ad3aece76412ada591b955d3381) Importer(815301076,1909f56bfc062723c751e8b465ee728b)
Start importing Assets/Resources/Dialogs/MenuDialog.prefab using Guid(a1314ad3aece76412ada591b955d3381) Importer(815301076,1909f56bfc062723c751e8b465ee728b)  -> (artifact id: '7acbbc3c42f7988f2a7dda68d6bc0329') in 0,217825 seconds
Number of updated asset objects reloaded before import = 0
Number of asset objects unloaded after import = 51
========================================================================
Received Prepare
Begin MonoManager ReloadAssembly
Symbol file LoadedFromMemory doesn't match image /home/zixxa/unity_projects/snake/Library/PackageCache/com.unity.visualscripting@1.8.0/Editor/VisualScripting.Core/Dependencies/YamlDotNet/Unity.VisualScripting.YamlDotNet.dll
Symbol file LoadedFromMemory doesn't match image /home/zixxa/unity_projects/snake/Library/PackageCache/com.unity.visualscripting@1.8.0/Editor/VisualScripting.Core/Dependencies/DotNetZip/Unity.VisualScripting.IonicZip.dll
- Loaded All Assemblies, in  1,943 seconds
Refreshing native plugins compatible for Editor in 4,63 ms, found 0 plugins.
Native extension for LinuxStandalone target not found
Native extension for WindowsStandalone target not found
Native extension for Android target not found
Mono: successfully reloaded assembly
- Finished resetting the current domain, in  2,639 seconds
Domain Reload Profiling: 4579ms
	BeginReloadAssembly (328ms)
		ExecutionOrderSort (0ms)
		DisableScriptedObjects (17ms)
		BackupInstance (0ms)
		ReleaseScriptingObjects (0ms)
		CreateAndSetChildDomain (109ms)
	RebuildCommonClasses (109ms)
	RebuildNativeTypeToScriptingClass (26ms)
	initialDomainReloadingComplete (86ms)
	LoadAllAssembliesAndSetupDomain (1390ms)
		LoadAssemblies (611ms)
		RebuildTransferFunctionScriptingTraits (0ms)
		AnalyzeDomain (901ms)
			TypeCache.Refresh (886ms)
				TypeCache.ScanAssembly (855ms)
			ScanForSourceGeneratedMonoScriptInfo (0ms)
			ResolveRequiredComponents (15ms)
	FinalizeReload (2640ms)
		ReleaseScriptCaches (0ms)
		RebuildScriptCaches (0ms)
		SetupLoadedEditorAssemblies (1438ms)
			LogAssemblyErrors (0ms)
			InitializePlatformSupportModulesInManaged (194ms)
			SetLoadedEditorAssemblies (33ms)
			RefreshPlugins (0ms)
			BeforeProcessingInitializeOnLoad (317ms)
			ProcessInitializeOnLoadAttributes (802ms)
			ProcessInitializeOnLoadMethodAttributes (71ms)
			AfterProcessingInitializeOnLoad (21ms)
			EditorAssembliesLoaded (1ms)
		ExecutionOrderSort2 (0ms)
		AwakeInstancesAfterBackupRestoration (16ms)
Refreshing native plugins compatible for Editor in 4,80 ms, found 0 plugins.
Preloading 0 native plugins for Editor in 0,00 ms.
Unloading 3223 Unused Serialized files (Serialized files now loaded: 0)
Unloading 24 unused Assets / (32,1 KB). Loaded Objects now: 3739.
Memory consumption went from 132,3 MB to 132,3 MB.
Total: 8,890241 ms (FindLiveObjects: 0,470983 ms CreateObjectMapping: 0,192381 ms MarkObjects: 7,982078 ms  DeleteObjects: 0,241824 ms)

Prepare: number of updated asset objects reloaded= 0
AssetImportParameters requested are different than current active one (requested -> active):
  custom:container-demuxer-ogg: 62fdf1f143b41e24485cea50d1cbac27 -> 
  custom:video-decoder-ogg-theora: a1e56fd34408186e4bbccfd4996cb3dc -> 
  custom:CustomObjectIndexerAttribute: 306bfa6df2d96854e1ebb52f3ddacab7 -> 
  custom:container-demuxer-webm: 4f35f7cbe854078d1ac9338744f61a02 -> 
  custom:container-muxer-webm: aa71ff27fc2769a1b78a27578f13a17b -> 
  custom:video-decoder-webm-vp8: 9c59270c3fd7afecdb556c50c9e8de78 -> 
  custom:SearchIndexIgnoredProperties: e643bd26f0fe6173181afceb89e7c659 -> 
  custom:AudioImporter_EditorPlatform: 2f0ff77a95e0ac474e3e8eeba4e2f7cb -> 
  custom:video-encoder-webm-vp8: eb34c28f22e8b96e1ab97ce403110664 -> 
  custom:audio-decoder-ogg-vorbis: bf7c407c2cedff20999df2af8eb42d56 -> 
  custom:audio-encoder-webm-vorbis: bf7c407c2cedff20999df2af8eb42d56 -> 
========================================================================
Received Import Request.
  Time since last request: 87,647535 seconds.
  path: Assets/Resources/Dialogs/LoadingDialog.prefab
  artifactKey: Guid(9c3acc6e474d210ce8e5fce179b19848) Importer(815301076,1909f56bfc062723c751e8b465ee728b)
Start importing Assets/Resources/Dialogs/LoadingDialog.prefab using Guid(9c3acc6e474d210ce8e5fce179b19848) Importer(815301076,1909f56bfc062723c751e8b465ee728b)  -> (artifact id: '3f9f52bd53f341d2392171ef8398eec0') in 0,106547 seconds
Number of updated asset objects reloaded before import = 0
Number of asset objects unloaded after import = 71
========================================================================
Received Import Request.
  Time since last request: 1,269448 seconds.
  path: Assets/Resources/Dialogs/LoadingDialog.prefab
  artifactKey: Guid(9c3acc6e474d210ce8e5fce179b19848) Importer(815301076,1909f56bfc062723c751e8b465ee728b)
Start importing Assets/Resources/Dialogs/LoadingDialog.prefab using Guid(9c3acc6e474d210ce8e5fce179b19848) Importer(815301076,1909f56bfc062723c751e8b465ee728b)  -> (artifact id: '150a5f213dc5b94b9de28606e7931c37') in 0,015004 seconds
Number of updated asset objects reloaded before import = 0
Number of asset objects unloaded after import = 71
========================================================================
Received Import Request.
  Time since last request: 1,272641 seconds.
  path: Assets/Resources/Dialogs/LoadingDialog.prefab
  artifactKey: Guid(9c3acc6e474d210ce8e5fce179b19848) Importer(815301076,1909f56bfc062723c751e8b465ee728b)
Start importing Assets/Resources/Dialogs/LoadingDialog.prefab using Guid(9c3acc6e474d210ce8e5fce179b19848) Importer(815301076,1909f56bfc062723c751e8b465ee728b)  -> (artifact id: '652cd4f5d706ad8e5bea889f4e3df9f6') in 0,011171 seconds
Number of updated asset objects reloaded before import = 0
Number of asset objects unloaded after import = 71
========================================================================
Received Import Request.
  Time since last request: 2,235893 seconds.
  path: Assets/Resources/Dialogs/LoadingDialog.prefab
  artifactKey: Guid(9c3acc6e474d210ce8e5fce179b19848) Importer(815301076,1909f56bfc062723c751e8b465ee728b)
Start importing Assets/Resources/Dialogs/LoadingDialog.prefab using Guid(9c3acc6e474d210ce8e5fce179b19848) Importer(815301076,1909f56bfc062723c751e8b465ee728b)  -> (artifact id: '4298065b9fec7016d123c43e2ec0b044') in 0,007741 seconds
Number of updated asset objects reloaded before import = 0
Number of asset objects unloaded after import = 71
========================================================================
Received Import Request.
  Time since last request: 1,644559 seconds.
  path: Assets/Resources/Dialogs/LoadingDialog.prefab
  artifactKey: Guid(9c3acc6e474d210ce8e5fce179b19848) Importer(815301076,1909f56bfc062723c751e8b465ee728b)
Start importing Assets/Resources/Dialogs/LoadingDialog.prefab using Guid(9c3acc6e474d210ce8e5fce179b19848) Importer(815301076,1909f56bfc062723c751e8b465ee728b)  -> (artifact id: '5c423b6696c0c75a910f1d0594c12e10') in 0,008766 seconds
Number of updated asset objects reloaded before import = 0
Number of asset objects unloaded after import = 71
========================================================================
Received Prepare
Begin MonoManager ReloadAssembly
Symbol file LoadedFromMemory doesn't match image /home/zixxa/unity_projects/snake/Library/PackageCache/com.unity.visualscripting@1.8.0/Editor/VisualScripting.Core/Dependencies/YamlDotNet/Unity.VisualScripting.YamlDotNet.dll
Symbol file LoadedFromMemory doesn't match image /home/zixxa/unity_projects/snake/Library/PackageCache/com.unity.visualscripting@1.8.0/Editor/VisualScripting.Core/Dependencies/DotNetZip/Unity.VisualScripting.IonicZip.dll
- Loaded All Assemblies, in  1,894 seconds
Refreshing native plugins compatible for Editor in 4,70 ms, found 0 plugins.
Native extension for LinuxStandalone target not found
Native extension for WindowsStandalone target not found
Native extension for Android target not found
Mono: successfully reloaded assembly
- Finished resetting the current domain, in  2,427 seconds
Domain Reload Profiling: 4317ms
	BeginReloadAssembly (319ms)
		ExecutionOrderSort (0ms)
		DisableScriptedObjects (17ms)
		BackupInstance (0ms)
		ReleaseScriptingObjects (0ms)
		CreateAndSetChildDomain (102ms)
	RebuildCommonClasses (109ms)
	RebuildNativeTypeToScriptingClass (27ms)
	initialDomainReloadingComplete (88ms)
	LoadAllAssembliesAndSetupDomain (1347ms)
		LoadAssemblies (622ms)
		RebuildTransferFunctionScriptingTraits (0ms)
		AnalyzeDomain (849ms)
			TypeCache.Refresh (834ms)
				TypeCache.ScanAssembly (803ms)
			ScanForSourceGeneratedMonoScriptInfo (0ms)
			ResolveRequiredComponents (15ms)
	FinalizeReload (2428ms)
		ReleaseScriptCaches (0ms)
		RebuildScriptCaches (0ms)
		SetupLoadedEditorAssemblies (1284ms)
			LogAssemblyErrors (0ms)
			InitializePlatformSupportModulesInManaged (161ms)
			SetLoadedEditorAssemblies (28ms)
			RefreshPlugins (0ms)
			BeforeProcessingInitializeOnLoad (292ms)
			ProcessInitializeOnLoadAttributes (712ms)
			ProcessInitializeOnLoadMethodAttributes (69ms)
			AfterProcessingInitializeOnLoad (21ms)
			EditorAssembliesLoaded (0ms)
		ExecutionOrderSort2 (0ms)
		AwakeInstancesAfterBackupRestoration (14ms)
Refreshing native plugins compatible for Editor in 4,71 ms, found 0 plugins.
Preloading 0 native plugins for Editor in 0,00 ms.
Unloading 3223 Unused Serialized files (Serialized files now loaded: 0)
Unloading 23 unused Assets / (31,5 KB). Loaded Objects now: 3744.
Memory consumption went from 132,4 MB to 132,3 MB.
Total: 9,279341 ms (FindLiveObjects: 0,425458 ms CreateObjectMapping: 0,182372 ms MarkObjects: 8,471045 ms  DeleteObjects: 0,197831 ms)

Prepare: number of updated asset objects reloaded= 0
AssetImportParameters requested are different than current active one (requested -> active):
  custom:container-demuxer-ogg: 62fdf1f143b41e24485cea50d1cbac27 -> 
  custom:video-decoder-ogg-theora: a1e56fd34408186e4bbccfd4996cb3dc -> 
  custom:CustomObjectIndexerAttribute: 306bfa6df2d96854e1ebb52f3ddacab7 -> 
  custom:container-demuxer-webm: 4f35f7cbe854078d1ac9338744f61a02 -> 
  custom:container-muxer-webm: aa71ff27fc2769a1b78a27578f13a17b -> 
  custom:video-decoder-webm-vp8: 9c59270c3fd7afecdb556c50c9e8de78 -> 
  custom:SearchIndexIgnoredProperties: e643bd26f0fe6173181afceb89e7c659 -> 
  custom:AudioImporter_EditorPlatform: 2f0ff77a95e0ac474e3e8eeba4e2f7cb -> 
  custom:video-encoder-webm-vp8: eb34c28f22e8b96e1ab97ce403110664 -> 
  custom:audio-decoder-ogg-vorbis: bf7c407c2cedff20999df2af8eb42d56 -> 
  custom:audio-encoder-webm-vorbis: bf7c407c2cedff20999df2af8eb42d56 -> 
========================================================================
Received Import Request.
  Time since last request: 25,245603 seconds.
  path: Assets/Resources/Dialogs/LoadingDialog.prefab
  artifactKey: Guid(9c3acc6e474d210ce8e5fce179b19848) Importer(815301076,1909f56bfc062723c751e8b465ee728b)
Start importing Assets/Resources/Dialogs/LoadingDialog.prefab using Guid(9c3acc6e474d210ce8e5fce179b19848) Importer(815301076,1909f56bfc062723c751e8b465ee728b)  -> (artifact id: 'a3ead6a2e7024f0db34951838643e5cc') in 0,102770 seconds
Number of updated asset objects reloaded before import = 0
Number of asset objects unloaded after import = 71
========================================================================
Received Import Request.
  Time since last request: 15,459419 seconds.
  path: Assets/Resources/Dialogs/MenuDialog.prefab
  artifactKey: Guid(a1314ad3aece76412ada591b955d3381) Importer(815301076,1909f56bfc062723c751e8b465ee728b)
Start importing Assets/Resources/Dialogs/MenuDialog.prefab using Guid(a1314ad3aece76412ada591b955d3381) Importer(815301076,1909f56bfc062723c751e8b465ee728b)  -> (artifact id: '39b30db9466ea600bdf26679a4449642') in 0,101714 seconds
Number of updated asset objects reloaded before import = 0
Number of asset objects unloaded after import = 51
========================================================================
Received Import Request.
  Time since last request: 2,705951 seconds.
  path: Assets/Resources/Dialogs/MenuDialog.prefab
  artifactKey: Guid(a1314ad3aece76412ada591b955d3381) Importer(815301076,1909f56bfc062723c751e8b465ee728b)
Start importing Assets/Resources/Dialogs/MenuDialog.prefab using Guid(a1314ad3aece76412ada591b955d3381) Importer(815301076,1909f56bfc062723c751e8b465ee728b)  -> (artifact id: '282f63c297cfdb613a6f7dbd6c16eaea') in 0,042576 seconds
Number of updated asset objects reloaded before import = 0
Number of asset objects unloaded after import = 51
========================================================================
Received Import Request.
  Time since last request: 2,793965 seconds.
  path: Assets/Resources/Dialogs/MenuDialog.prefab
  artifactKey: Guid(a1314ad3aece76412ada591b955d3381) Importer(815301076,1909f56bfc062723c751e8b465ee728b)
Start importing Assets/Resources/Dialogs/MenuDialog.prefab using Guid(a1314ad3aece76412ada591b955d3381) Importer(815301076,1909f56bfc062723c751e8b465ee728b)  -> (artifact id: '8b9e02364d597d0bfd0a7cb3963661d2') in 0,038873 seconds
Number of updated asset objects reloaded before import = 0
Number of asset objects unloaded after import = 51
========================================================================
Received Import Request.
  Time since last request: 62,470921 seconds.
  path: Assets/Resources/Dialogs/CustomizationDialog.prefab
  artifactKey: Guid(e6795a0e110d86ce19e9f9fc18b9943c) Importer(815301076,1909f56bfc062723c751e8b465ee728b)
Start importing Assets/Resources/Dialogs/CustomizationDialog.prefab using Guid(e6795a0e110d86ce19e9f9fc18b9943c) Importer(815301076,1909f56bfc062723c751e8b465ee728b)  -> (artifact id: '5fcbed378cdae1d2dada18987df54ded') in 0,056280 seconds
Number of updated asset objects reloaded before import = 0
Number of asset objects unloaded after import = 75
========================================================================
Received Import Request.
  Time since last request: 5,240285 seconds.
  path: Assets/Resources/Dialogs/CustomizationDialog.prefab
  artifactKey: Guid(e6795a0e110d86ce19e9f9fc18b9943c) Importer(815301076,1909f56bfc062723c751e8b465ee728b)
Start importing Assets/Resources/Dialogs/CustomizationDialog.prefab using Guid(e6795a0e110d86ce19e9f9fc18b9943c) Importer(815301076,1909f56bfc062723c751e8b465ee728b)  -> (artifact id: 'df7802ca90550938a2ee4947ab78102a') in 0,063655 seconds
Number of updated asset objects reloaded before import = 0
Number of asset objects unloaded after import = 75
========================================================================
Received Import Request.
  Time since last request: 3,115180 seconds.
  path: Assets/Resources/Dialogs/CustomizationDialog.prefab
  artifactKey: Guid(e6795a0e110d86ce19e9f9fc18b9943c) Importer(815301076,1909f56bfc062723c751e8b465ee728b)
Start importing Assets/Resources/Dialogs/CustomizationDialog.prefab using Guid(e6795a0e110d86ce19e9f9fc18b9943c) Importer(815301076,1909f56bfc062723c751e8b465ee728b)  -> (artifact id: '472ac1f63594ad285bd8dea11dc7e393') in 0,045016 seconds
Number of updated asset objects reloaded before import = 0
Number of asset objects unloaded after import = 75
========================================================================
Received Import Request.
  Time since last request: 12,380522 seconds.
  path: Assets/Resources/Dialogs/LoadingDialog.prefab
  artifactKey: Guid(9c3acc6e474d210ce8e5fce179b19848) Importer(815301076,1909f56bfc062723c751e8b465ee728b)
Start importing Assets/Resources/Dialogs/LoadingDialog.prefab using Guid(9c3acc6e474d210ce8e5fce179b19848) Importer(815301076,1909f56bfc062723c751e8b465ee728b)  -> (artifact id: 'b6e41744a1997f1e696ae21054ae183c') in 0,007936 seconds
Number of updated asset objects reloaded before import = 0
Number of asset objects unloaded after import = 71
========================================================================
Received Import Request.
  Time since last request: 2,983193 seconds.
  path: Assets/Resources/Dialogs/LoadingDialog.prefab
  artifactKey: Guid(9c3acc6e474d210ce8e5fce179b19848) Importer(815301076,1909f56bfc062723c751e8b465ee728b)
Start importing Assets/Resources/Dialogs/LoadingDialog.prefab using Guid(9c3acc6e474d210ce8e5fce179b19848) Importer(815301076,1909f56bfc062723c751e8b465ee728b)  -> (artifact id: '13865f2aba07f2df2a567d63e17f4976') in 0,008485 seconds
Number of updated asset objects reloaded before import = 0
Number of asset objects unloaded after import = 71
========================================================================
Received Import Request.
  Time since last request: 2,043757 seconds.
  path: Assets/Resources/Dialogs/LoadingDialog.prefab
  artifactKey: Guid(9c3acc6e474d210ce8e5fce179b19848) Importer(815301076,1909f56bfc062723c751e8b465ee728b)
Start importing Assets/Resources/Dialogs/LoadingDialog.prefab using Guid(9c3acc6e474d210ce8e5fce179b19848) Importer(815301076,1909f56bfc062723c751e8b465ee728b)  -> (artifact id: '7fce1fc1033bd4d0e13d77e7bfa65916') in 0,008182 seconds
Number of updated asset objects reloaded before import = 0
Number of asset objects unloaded after import = 71
========================================================================
Received Prepare
Begin MonoManager ReloadAssembly
Symbol file LoadedFromMemory doesn't match image /home/zixxa/unity_projects/snake/Library/PackageCache/com.unity.visualscripting@1.8.0/Editor/VisualScripting.Core/Dependencies/YamlDotNet/Unity.VisualScripting.YamlDotNet.dll
Symbol file LoadedFromMemory doesn't match image /home/zixxa/unity_projects/snake/Library/PackageCache/com.unity.visualscripting@1.8.0/Editor/VisualScripting.Core/Dependencies/DotNetZip/Unity.VisualScripting.IonicZip.dll
- Loaded All Assemblies, in  2,141 seconds
Refreshing native plugins compatible for Editor in 4,26 ms, found 0 plugins.
Native extension for LinuxStandalone target not found
Native extension for WindowsStandalone target not found
Native extension for Android target not found
Mono: successfully reloaded assembly
- Finished resetting the current domain, in  2,666 seconds
Domain Reload Profiling: 4804ms
	BeginReloadAssembly (418ms)
		ExecutionOrderSort (0ms)
		DisableScriptedObjects (22ms)
		BackupInstance (0ms)
		ReleaseScriptingObjects (0ms)
		CreateAndSetChildDomain (129ms)
	RebuildCommonClasses (121ms)
	RebuildNativeTypeToScriptingClass (35ms)
	initialDomainReloadingComplete (103ms)
	LoadAllAssembliesAndSetupDomain (1458ms)
		LoadAssemblies (751ms)
		RebuildTransferFunctionScriptingTraits (0ms)
		AnalyzeDomain (879ms)
			TypeCache.Refresh (865ms)
				TypeCache.ScanAssembly (832ms)
			ScanForSourceGeneratedMonoScriptInfo (0ms)
			ResolveRequiredComponents (14ms)
	FinalizeReload (2668ms)
		ReleaseScriptCaches (0ms)
		RebuildScriptCaches (0ms)
		SetupLoadedEditorAssemblies (1407ms)
			LogAssemblyErrors (0ms)
			InitializePlatformSupportModulesInManaged (176ms)
			SetLoadedEditorAssemblies (36ms)
			RefreshPlugins (0ms)
			BeforeProcessingInitializeOnLoad (346ms)
			ProcessInitializeOnLoadAttributes (760ms)
			ProcessInitializeOnLoadMethodAttributes (69ms)
			AfterProcessingInitializeOnLoad (20ms)
			EditorAssembliesLoaded (0ms)
		ExecutionOrderSort2 (0ms)
		AwakeInstancesAfterBackupRestoration (15ms)
Refreshing native plugins compatible for Editor in 4,85 ms, found 0 plugins.
Preloading 0 native plugins for Editor in 0,00 ms.
Unloading 3223 Unused Serialized files (Serialized files now loaded: 0)
Unloading 25 unused Assets / (33,2 KB). Loaded Objects now: 3749.
Memory consumption went from 132,4 MB to 132,4 MB.
Total: 9,782614 ms (FindLiveObjects: 0,506390 ms CreateObjectMapping: 0,313959 ms MarkObjects: 8,678283 ms  DeleteObjects: 0,280146 ms)

Prepare: number of updated asset objects reloaded= 0
AssetImportParameters requested are different than current active one (requested -> active):
  custom:container-demuxer-ogg: 62fdf1f143b41e24485cea50d1cbac27 -> 
  custom:video-decoder-ogg-theora: a1e56fd34408186e4bbccfd4996cb3dc -> 
  custom:CustomObjectIndexerAttribute: 306bfa6df2d96854e1ebb52f3ddacab7 -> 
  custom:container-demuxer-webm: 4f35f7cbe854078d1ac9338744f61a02 -> 
  custom:container-muxer-webm: aa71ff27fc2769a1b78a27578f13a17b -> 
  custom:video-decoder-webm-vp8: 9c59270c3fd7afecdb556c50c9e8de78 -> 
  custom:SearchIndexIgnoredProperties: e643bd26f0fe6173181afceb89e7c659 -> 
  custom:AudioImporter_EditorPlatform: 2f0ff77a95e0ac474e3e8eeba4e2f7cb -> 
  custom:video-encoder-webm-vp8: eb34c28f22e8b96e1ab97ce403110664 -> 
  custom:audio-decoder-ogg-vorbis: bf7c407c2cedff20999df2af8eb42d56 -> 
  custom:audio-encoder-webm-vorbis: bf7c407c2cedff20999df2af8eb42d56 -> 
========================================================================
Received Import Request.
  Time since last request: 72,725991 seconds.
  path: Assets/Resources/Dialogs/CustomizationDialog.prefab
  artifactKey: Guid(e6795a0e110d86ce19e9f9fc18b9943c) Importer(815301076,1909f56bfc062723c751e8b465ee728b)
Start importing Assets/Resources/Dialogs/CustomizationDialog.prefab using Guid(e6795a0e110d86ce19e9f9fc18b9943c) Importer(815301076,1909f56bfc062723c751e8b465ee728b)  -> (artifact id: '003261892e49922d4c2d60451cf2fa94') in 0,239155 seconds
Number of updated asset objects reloaded before import = 0
Number of asset objects unloaded after import = 75
========================================================================
Received Import Request.
  Time since last request: 3,690259 seconds.
  path: Assets/Resources/Dialogs/CustomizationDialog.prefab
  artifactKey: Guid(e6795a0e110d86ce19e9f9fc18b9943c) Importer(815301076,1909f56bfc062723c751e8b465ee728b)
Start importing Assets/Resources/Dialogs/CustomizationDialog.prefab using Guid(e6795a0e110d86ce19e9f9fc18b9943c) Importer(815301076,1909f56bfc062723c751e8b465ee728b)  -> (artifact id: 'b0ea87fe4725f78e4a0f42e7de9d47ae') in 0,043818 seconds
Number of updated asset objects reloaded before import = 0
Number of asset objects unloaded after import = 75
========================================================================
Received Import Request.
  Time since last request: 7,602665 seconds.
  path: Assets/Resources/Dialogs/CustomizationDialog.prefab
  artifactKey: Guid(e6795a0e110d86ce19e9f9fc18b9943c) Importer(815301076,1909f56bfc062723c751e8b465ee728b)
Start importing Assets/Resources/Dialogs/CustomizationDialog.prefab using Guid(e6795a0e110d86ce19e9f9fc18b9943c) Importer(815301076,1909f56bfc062723c751e8b465ee728b)  -> (artifact id: '394a4dc9253fbcc40639a400fa1bfe0f') in 0,043023 seconds
Number of updated asset objects reloaded before import = 0
Number of asset objects unloaded after import = 71
========================================================================
Received Import Request.
  Time since last request: 6,875638 seconds.
  path: Assets/Resources/Dialogs/CustomizationDialog.prefab
  artifactKey: Guid(e6795a0e110d86ce19e9f9fc18b9943c) Importer(815301076,1909f56bfc062723c751e8b465ee728b)
Start importing Assets/Resources/Dialogs/CustomizationDialog.prefab using Guid(e6795a0e110d86ce19e9f9fc18b9943c) Importer(815301076,1909f56bfc062723c751e8b465ee728b)  -> (artifact id: 'b79d6b119ae583eab13ca6e162d0c6b6') in 0,050496 seconds
Number of updated asset objects reloaded before import = 0
Number of asset objects unloaded after import = 75
========================================================================
Received Import Request.
  Time since last request: 11,582994 seconds.
  path: Assets/Resources/Dialogs/CustomizationDialog.prefab
  artifactKey: Guid(e6795a0e110d86ce19e9f9fc18b9943c) Importer(815301076,1909f56bfc062723c751e8b465ee728b)
Start importing Assets/Resources/Dialogs/CustomizationDialog.prefab using Guid(e6795a0e110d86ce19e9f9fc18b9943c) Importer(815301076,1909f56bfc062723c751e8b465ee728b)  -> (artifact id: 'bb654b8d9f538e5b75f31dbba454512a') in 0,048155 seconds
Number of updated asset objects reloaded before import = 0
Number of asset objects unloaded after import = 75
========================================================================
Received Import Request.
  Time since last request: 16,902835 seconds.
  path: Assets/Resources/Dialogs/CustomizationDialog.prefab
  artifactKey: Guid(e6795a0e110d86ce19e9f9fc18b9943c) Importer(815301076,1909f56bfc062723c751e8b465ee728b)
Start importing Assets/Resources/Dialogs/CustomizationDialog.prefab using Guid(e6795a0e110d86ce19e9f9fc18b9943c) Importer(815301076,1909f56bfc062723c751e8b465ee728b)  -> (artifact id: 'ad5384518b8f07d9c99aa1551901e836') in 0,050868 seconds
Number of updated asset objects reloaded before import = 0
Number of asset objects unloaded after import = 75
========================================================================
Received Import Request.
  Time since last request: 4,416487 seconds.
  path: Assets/Resources/Dialogs/CustomizationDialog.prefab
  artifactKey: Guid(e6795a0e110d86ce19e9f9fc18b9943c) Importer(815301076,1909f56bfc062723c751e8b465ee728b)
Start importing Assets/Resources/Dialogs/CustomizationDialog.prefab using Guid(e6795a0e110d86ce19e9f9fc18b9943c) Importer(815301076,1909f56bfc062723c751e8b465ee728b)  -> (artifact id: '55e3eea356d0af57bc815670c78da0ce') in 0,047622 seconds
Number of updated asset objects reloaded before import = 0
Number of asset objects unloaded after import = 75
========================================================================
Received Import Request.
  Time since last request: 4,115911 seconds.
  path: Assets/Resources/Dialogs/CustomizationDialog.prefab
  artifactKey: Guid(e6795a0e110d86ce19e9f9fc18b9943c) Importer(815301076,1909f56bfc062723c751e8b465ee728b)
Start importing Assets/Resources/Dialogs/CustomizationDialog.prefab using Guid(e6795a0e110d86ce19e9f9fc18b9943c) Importer(815301076,1909f56bfc062723c751e8b465ee728b)  -> (artifact id: 'a48f18ab427423ded0a176c37122b386') in 0,042049 seconds
Number of updated asset objects reloaded before import = 0
Number of asset objects unloaded after import = 75
========================================================================
Received Import Request.
  Time since last request: 0,191742 seconds.
  path: Assets/Resources/Dialogs/CustomizationDialog.prefab
  artifactKey: Guid(e6795a0e110d86ce19e9f9fc18b9943c) Importer(815301076,1909f56bfc062723c751e8b465ee728b)
Start importing Assets/Resources/Dialogs/CustomizationDialog.prefab using Guid(e6795a0e110d86ce19e9f9fc18b9943c) Importer(815301076,1909f56bfc062723c751e8b465ee728b)  -> (artifact id: 'f1836dead3d2a3ecfbd86909b3be6186') in 0,042374 seconds
Number of updated asset objects reloaded before import = 0
Number of asset objects unloaded after import = 75
========================================================================
Received Import Request.
  Time since last request: 8,881759 seconds.
  path: Assets/Resources/Dialogs/CustomizationDialog.prefab
  artifactKey: Guid(e6795a0e110d86ce19e9f9fc18b9943c) Importer(815301076,1909f56bfc062723c751e8b465ee728b)
Start importing Assets/Resources/Dialogs/CustomizationDialog.prefab using Guid(e6795a0e110d86ce19e9f9fc18b9943c) Importer(815301076,1909f56bfc062723c751e8b465ee728b)  -> (artifact id: 'dbe0254b60b7870f7047dc5337750868') in 0,046897 seconds
Number of updated asset objects reloaded before import = 0
Number of asset objects unloaded after import = 75
========================================================================
Received Import Request.
  Time since last request: 1,326771 seconds.
  path: Assets/Resources/Dialogs/CustomizationDialog.prefab
  artifactKey: Guid(e6795a0e110d86ce19e9f9fc18b9943c) Importer(815301076,1909f56bfc062723c751e8b465ee728b)
Start importing Assets/Resources/Dialogs/CustomizationDialog.prefab using Guid(e6795a0e110d86ce19e9f9fc18b9943c) Importer(815301076,1909f56bfc062723c751e8b465ee728b)  -> (artifact id: '3a1472d704d844da36a9736ca295d541') in 0,042777 seconds
Number of updated asset objects reloaded before import = 0
Number of asset objects unloaded after import = 75
========================================================================
Received Import Request.
  Time since last request: 10,226846 seconds.
  path: Assets/Resources/Dialogs/CustomizationDialog.prefab
  artifactKey: Guid(e6795a0e110d86ce19e9f9fc18b9943c) Importer(815301076,1909f56bfc062723c751e8b465ee728b)
Start importing Assets/Resources/Dialogs/CustomizationDialog.prefab using Guid(e6795a0e110d86ce19e9f9fc18b9943c) Importer(815301076,1909f56bfc062723c751e8b465ee728b)  -> (artifact id: '8805a51f9606dcc44f96454c86bed1ac') in 0,047468 seconds
Number of updated asset objects reloaded before import = 0
Number of asset objects unloaded after import = 75
========================================================================
Received Import Request.
  Time since last request: 14,902153 seconds.
  path: Assets/Resources/Dialogs/CustomizationDialog.prefab
  artifactKey: Guid(e6795a0e110d86ce19e9f9fc18b9943c) Importer(815301076,1909f56bfc062723c751e8b465ee728b)
Start importing Assets/Resources/Dialogs/CustomizationDialog.prefab using Guid(e6795a0e110d86ce19e9f9fc18b9943c) Importer(815301076,1909f56bfc062723c751e8b465ee728b)  -> (artifact id: '8659f58f01991cff251805e3e6e60bc0') in 0,043017 seconds
Number of updated asset objects reloaded before import = 0
Number of asset objects unloaded after import = 75
========================================================================
Received Import Request.
  Time since last request: 7,770431 seconds.
  path: Assets/Resources/Dialogs/CustomizationDialog.prefab
  artifactKey: Guid(e6795a0e110d86ce19e9f9fc18b9943c) Importer(815301076,1909f56bfc062723c751e8b465ee728b)
Start importing Assets/Resources/Dialogs/CustomizationDialog.prefab using Guid(e6795a0e110d86ce19e9f9fc18b9943c) Importer(815301076,1909f56bfc062723c751e8b465ee728b)  -> (artifact id: 'a10179583a4d134fa9dd1b868ef44c66') in 0,047762 seconds
Number of updated asset objects reloaded before import = 0
Number of asset objects unloaded after import = 75
========================================================================
Received Import Request.
  Time since last request: 5,655825 seconds.
  path: Assets/Resources/Dialogs/CustomizationDialog.prefab
  artifactKey: Guid(e6795a0e110d86ce19e9f9fc18b9943c) Importer(815301076,1909f56bfc062723c751e8b465ee728b)
Start importing Assets/Resources/Dialogs/CustomizationDialog.prefab using Guid(e6795a0e110d86ce19e9f9fc18b9943c) Importer(815301076,1909f56bfc062723c751e8b465ee728b)  -> (artifact id: '4b3679adc99e136ab00f202162f69ff5') in 0,042303 seconds
Number of updated asset objects reloaded before import = 0
Number of asset objects unloaded after import = 75
========================================================================
Received Import Request.
  Time since last request: 2,578347 seconds.
  path: Assets/Resources/Dialogs/CustomizationDialog.prefab
  artifactKey: Guid(e6795a0e110d86ce19e9f9fc18b9943c) Importer(815301076,1909f56bfc062723c751e8b465ee728b)
Start importing Assets/Resources/Dialogs/CustomizationDialog.prefab using Guid(e6795a0e110d86ce19e9f9fc18b9943c) Importer(815301076,1909f56bfc062723c751e8b465ee728b)  -> (artifact id: 'edf7a3a900baf2c4556359eb7c241358') in 0,046251 seconds
Number of updated asset objects reloaded before import = 0
Number of asset objects unloaded after import = 75
========================================================================
Received Import Request.
  Time since last request: 1,902613 seconds.
  path: Assets/Resources/Dialogs/CustomizationDialog.prefab
  artifactKey: Guid(e6795a0e110d86ce19e9f9fc18b9943c) Importer(815301076,1909f56bfc062723c751e8b465ee728b)
Start importing Assets/Resources/Dialogs/CustomizationDialog.prefab using Guid(e6795a0e110d86ce19e9f9fc18b9943c) Importer(815301076,1909f56bfc062723c751e8b465ee728b)  -> (artifact id: '6d85b1fac368769a04caedd41210006b') in 0,047111 seconds
Number of updated asset objects reloaded before import = 0
Number of asset objects unloaded after import = 75
========================================================================
Received Import Request.
  Time since last request: 6,392889 seconds.
  path: Assets/Resources/Dialogs/CustomizationDialog.prefab
  artifactKey: Guid(e6795a0e110d86ce19e9f9fc18b9943c) Importer(815301076,1909f56bfc062723c751e8b465ee728b)
Start importing Assets/Resources/Dialogs/CustomizationDialog.prefab using Guid(e6795a0e110d86ce19e9f9fc18b9943c) Importer(815301076,1909f56bfc062723c751e8b465ee728b)  -> (artifact id: 'd4ed091d51586737d7a6c7ec0e3c335e') in 0,054627 seconds
Number of updated asset objects reloaded before import = 0
Number of asset objects unloaded after import = 75
========================================================================
Received Import Request.
  Time since last request: 12,155271 seconds.
  path: Assets/Resources/Dialogs/CustomizationDialog.prefab
  artifactKey: Guid(e6795a0e110d86ce19e9f9fc18b9943c) Importer(815301076,1909f56bfc062723c751e8b465ee728b)
Start importing Assets/Resources/Dialogs/CustomizationDialog.prefab using Guid(e6795a0e110d86ce19e9f9fc18b9943c) Importer(815301076,1909f56bfc062723c751e8b465ee728b)  -> (artifact id: '3ce456493319616e99a44d085b77e764') in 0,044738 seconds
Number of updated asset objects reloaded before import = 0
Number of asset objects unloaded after import = 75
========================================================================
Received Import Request.
  Time since last request: 4,637360 seconds.
  path: Assets/Resources/Dialogs/CustomizationDialog.prefab
  artifactKey: Guid(e6795a0e110d86ce19e9f9fc18b9943c) Importer(815301076,1909f56bfc062723c751e8b465ee728b)
Start importing Assets/Resources/Dialogs/CustomizationDialog.prefab using Guid(e6795a0e110d86ce19e9f9fc18b9943c) Importer(815301076,1909f56bfc062723c751e8b465ee728b)  -> (artifact id: '06b3f0040bb4d237d9fedf8728a0caed') in 0,057093 seconds
Number of updated asset objects reloaded before import = 0
Number of asset objects unloaded after import = 75
========================================================================
Received Import Request.
  Time since last request: 4,467460 seconds.
  path: Assets/Resources/Dialogs/CustomizationDialog.prefab
  artifactKey: Guid(e6795a0e110d86ce19e9f9fc18b9943c) Importer(815301076,1909f56bfc062723c751e8b465ee728b)
Start importing Assets/Resources/Dialogs/CustomizationDialog.prefab using Guid(e6795a0e110d86ce19e9f9fc18b9943c) Importer(815301076,1909f56bfc062723c751e8b465ee728b)  -> (artifact id: 'a34e72999cf4baa7f327fb640b27c554') in 0,042778 seconds
Number of updated asset objects reloaded before import = 0
Number of asset objects unloaded after import = 84
========================================================================
Received Import Request.
  Time since last request: 16,017197 seconds.
  path: Assets/Resources/Dialogs/CustomizationDialog.prefab
  artifactKey: Guid(e6795a0e110d86ce19e9f9fc18b9943c) Importer(815301076,1909f56bfc062723c751e8b465ee728b)
Start importing Assets/Resources/Dialogs/CustomizationDialog.prefab using Guid(e6795a0e110d86ce19e9f9fc18b9943c) Importer(815301076,1909f56bfc062723c751e8b465ee728b)  -> (artifact id: 'eb16a4df7f0c14bcbf4216aa80042c10') in 0,048971 seconds
Number of updated asset objects reloaded before import = 0
Number of asset objects unloaded after import = 75
========================================================================
Received Import Request.
  Time since last request: 15,671244 seconds.
  path: Assets/Resources/Dialogs/CustomizationDialog.prefab
  artifactKey: Guid(e6795a0e110d86ce19e9f9fc18b9943c) Importer(815301076,1909f56bfc062723c751e8b465ee728b)
Start importing Assets/Resources/Dialogs/CustomizationDialog.prefab using Guid(e6795a0e110d86ce19e9f9fc18b9943c) Importer(815301076,1909f56bfc062723c751e8b465ee728b)  -> (artifact id: '5c3b37227f75079532a75628bdb4aba8') in 0,043809 seconds
Number of updated asset objects reloaded before import = 0
Number of asset objects unloaded after import = 75
========================================================================
Received Import Request.
  Time since last request: 6,767272 seconds.
  path: Assets/Resources/Dialogs/CustomizationDialog.prefab
  artifactKey: Guid(e6795a0e110d86ce19e9f9fc18b9943c) Importer(815301076,1909f56bfc062723c751e8b465ee728b)
Start importing Assets/Resources/Dialogs/CustomizationDialog.prefab using Guid(e6795a0e110d86ce19e9f9fc18b9943c) Importer(815301076,1909f56bfc062723c751e8b465ee728b)  -> (artifact id: '414ccc5cf3c820b69e65e82b845272aa') in 0,044650 seconds
Number of updated asset objects reloaded before import = 0
Number of asset objects unloaded after import = 75
========================================================================
Received Import Request.
  Time since last request: 15,016837 seconds.
  path: Assets/Resources/Dialogs/CustomizationDialog.prefab
  artifactKey: Guid(e6795a0e110d86ce19e9f9fc18b9943c) Importer(815301076,1909f56bfc062723c751e8b465ee728b)
Start importing Assets/Resources/Dialogs/CustomizationDialog.prefab using Guid(e6795a0e110d86ce19e9f9fc18b9943c) Importer(815301076,1909f56bfc062723c751e8b465ee728b)  -> (artifact id: '56a093d57289ca946de4c83c34cc26e7') in 0,047045 seconds
Number of updated asset objects reloaded before import = 0
Number of asset objects unloaded after import = 75
========================================================================
Received Import Request.
  Time since last request: 5,951766 seconds.
  path: Assets/Resources/Dialogs/CustomizationDialog.prefab
  artifactKey: Guid(e6795a0e110d86ce19e9f9fc18b9943c) Importer(815301076,1909f56bfc062723c751e8b465ee728b)
Start importing Assets/Resources/Dialogs/CustomizationDialog.prefab using Guid(e6795a0e110d86ce19e9f9fc18b9943c) Importer(815301076,1909f56bfc062723c751e8b465ee728b)  -> (artifact id: '0d30aebf8e0d02eae2bd1ddff19017b2') in 0,046258 seconds
Number of updated asset objects reloaded before import = 0
Number of asset objects unloaded after import = 75
========================================================================
Received Import Request.
  Time since last request: 1,972385 seconds.
  path: Assets/Resources/Dialogs/CustomizationDialog.prefab
  artifactKey: Guid(e6795a0e110d86ce19e9f9fc18b9943c) Importer(815301076,1909f56bfc062723c751e8b465ee728b)
Start importing Assets/Resources/Dialogs/CustomizationDialog.prefab using Guid(e6795a0e110d86ce19e9f9fc18b9943c) Importer(815301076,1909f56bfc062723c751e8b465ee728b)  -> (artifact id: '732fb8aac5e3deaa9c6b806bea776e69') in 0,050653 seconds
Number of updated asset objects reloaded before import = 0
Number of asset objects unloaded after import = 75
========================================================================
Received Import Request.
  Time since last request: 3,583343 seconds.
  path: Assets/Resources/Dialogs/CustomizationDialog.prefab
  artifactKey: Guid(e6795a0e110d86ce19e9f9fc18b9943c) Importer(815301076,1909f56bfc062723c751e8b465ee728b)
Start importing Assets/Resources/Dialogs/CustomizationDialog.prefab using Guid(e6795a0e110d86ce19e9f9fc18b9943c) Importer(815301076,1909f56bfc062723c751e8b465ee728b)  -> (artifact id: '608f82080e3a35697a0a30006f3657f4') in 0,044093 seconds
Number of updated asset objects reloaded before import = 0
Number of asset objects unloaded after import = 75
========================================================================
Received Import Request.
  Time since last request: 1,112479 seconds.
  path: Assets/Resources/Dialogs/CustomizationDialog.prefab
  artifactKey: Guid(e6795a0e110d86ce19e9f9fc18b9943c) Importer(815301076,1909f56bfc062723c751e8b465ee728b)
Start importing Assets/Resources/Dialogs/CustomizationDialog.prefab using Guid(e6795a0e110d86ce19e9f9fc18b9943c) Importer(815301076,1909f56bfc062723c751e8b465ee728b)  -> (artifact id: '312ddc9b4c99123edfa09597505ce436') in 0,047268 seconds
Number of updated asset objects reloaded before import = 0
Number of asset objects unloaded after import = 75
========================================================================
Received Import Request.
  Time since last request: 8,179900 seconds.
  path: Assets/Resources/Dialogs/CustomizationDialog.prefab
  artifactKey: Guid(e6795a0e110d86ce19e9f9fc18b9943c) Importer(815301076,1909f56bfc062723c751e8b465ee728b)
Start importing Assets/Resources/Dialogs/CustomizationDialog.prefab using Guid(e6795a0e110d86ce19e9f9fc18b9943c) Importer(815301076,1909f56bfc062723c751e8b465ee728b)  -> (artifact id: '97f0143ec933d4e73db479d70a1db74d') in 0,047240 seconds
Number of updated asset objects reloaded before import = 0
Number of asset objects unloaded after import = 75
========================================================================
Received Import Request.
  Time since last request: 2,197254 seconds.
  path: Assets/Resources/Dialogs/CustomizationDialog.prefab
  artifactKey: Guid(e6795a0e110d86ce19e9f9fc18b9943c) Importer(815301076,1909f56bfc062723c751e8b465ee728b)
Start importing Assets/Resources/Dialogs/CustomizationDialog.prefab using Guid(e6795a0e110d86ce19e9f9fc18b9943c) Importer(815301076,1909f56bfc062723c751e8b465ee728b)  -> (artifact id: 'a336e1359092188c7226e1cb5eb1b34b') in 0,045421 seconds
Number of updated asset objects reloaded before import = 0
Number of asset objects unloaded after import = 75
========================================================================
Received Import Request.
  Time since last request: 8,985508 seconds.
  path: Assets/Resources/Dialogs/CustomizationDialog.prefab
  artifactKey: Guid(e6795a0e110d86ce19e9f9fc18b9943c) Importer(815301076,1909f56bfc062723c751e8b465ee728b)
Start importing Assets/Resources/Dialogs/CustomizationDialog.prefab using Guid(e6795a0e110d86ce19e9f9fc18b9943c) Importer(815301076,1909f56bfc062723c751e8b465ee728b)  -> (artifact id: '4fcd50f9c3e9a5ffde9772bb3635df16') in 0,048415 seconds
Number of updated asset objects reloaded before import = 0
Number of asset objects unloaded after import = 75
========================================================================
Received Import Request.
  Time since last request: 9,868913 seconds.
  path: Assets/Resources/Dialogs/CustomizationDialog.prefab
  artifactKey: Guid(e6795a0e110d86ce19e9f9fc18b9943c) Importer(815301076,1909f56bfc062723c751e8b465ee728b)
Start importing Assets/Resources/Dialogs/CustomizationDialog.prefab using Guid(e6795a0e110d86ce19e9f9fc18b9943c) Importer(815301076,1909f56bfc062723c751e8b465ee728b)  -> (artifact id: '922e3dbb6e2bd42019c41ec6ad2a29cf') in 0,042744 seconds
Number of updated asset objects reloaded before import = 0
Number of asset objects unloaded after import = 75
========================================================================
Received Import Request.
  Time since last request: 28,535682 seconds.
  path: Assets/Resources/Dialogs/CustomizationDialog.prefab
  artifactKey: Guid(e6795a0e110d86ce19e9f9fc18b9943c) Importer(815301076,1909f56bfc062723c751e8b465ee728b)
Start importing Assets/Resources/Dialogs/CustomizationDialog.prefab using Guid(e6795a0e110d86ce19e9f9fc18b9943c) Importer(815301076,1909f56bfc062723c751e8b465ee728b)  -> (artifact id: '48f329b32137082c05dfaac61799dc11') in 0,049007 seconds
Number of updated asset objects reloaded before import = 0
Number of asset objects unloaded after import = 75
========================================================================
Received Import Request.
  Time since last request: 7,221929 seconds.
  path: Assets/Resources/Dialogs/CustomizationDialog.prefab
  artifactKey: Guid(e6795a0e110d86ce19e9f9fc18b9943c) Importer(815301076,1909f56bfc062723c751e8b465ee728b)
Start importing Assets/Resources/Dialogs/CustomizationDialog.prefab using Guid(e6795a0e110d86ce19e9f9fc18b9943c) Importer(815301076,1909f56bfc062723c751e8b465ee728b)  -> (artifact id: '52c4c43a35324b6c59e26a6266f8a225') in 0,043374 seconds
Number of updated asset objects reloaded before import = 0
Number of asset objects unloaded after import = 75
========================================================================
Received Prepare
Begin MonoManager ReloadAssembly
Symbol file LoadedFromMemory doesn't match image /home/zixxa/unity_projects/snake/Library/PackageCache/com.unity.visualscripting@1.8.0/Editor/VisualScripting.Core/Dependencies/YamlDotNet/Unity.VisualScripting.YamlDotNet.dll
Symbol file LoadedFromMemory doesn't match image /home/zixxa/unity_projects/snake/Library/PackageCache/com.unity.visualscripting@1.8.0/Editor/VisualScripting.Core/Dependencies/DotNetZip/Unity.VisualScripting.IonicZip.dll
- Loaded All Assemblies, in  2,072 seconds
Refreshing native plugins compatible for Editor in 4,22 ms, found 0 plugins.
Native extension for LinuxStandalone target not found
Native extension for WindowsStandalone target not found
Native extension for Android target not found
Mono: successfully reloaded assembly
- Finished resetting the current domain, in  2,656 seconds
Domain Reload Profiling: 4725ms
	BeginReloadAssembly (375ms)
		ExecutionOrderSort (0ms)
		DisableScriptedObjects (18ms)
		BackupInstance (0ms)
		ReleaseScriptingObjects (0ms)
		CreateAndSetChildDomain (141ms)
	RebuildCommonClasses (114ms)
	RebuildNativeTypeToScriptingClass (29ms)
	initialDomainReloadingComplete (93ms)
	LoadAllAssembliesAndSetupDomain (1458ms)
		LoadAssemblies (681ms)
		RebuildTransferFunctionScriptingTraits (0ms)
		AnalyzeDomain (915ms)
			TypeCache.Refresh (901ms)
				TypeCache.ScanAssembly (874ms)
			ScanForSourceGeneratedMonoScriptInfo (0ms)
			ResolveRequiredComponents (13ms)
	FinalizeReload (2657ms)
		ReleaseScriptCaches (0ms)
		RebuildScriptCaches (0ms)
		SetupLoadedEditorAssemblies (1426ms)
			LogAssemblyErrors (0ms)
			InitializePlatformSupportModulesInManaged (171ms)
			SetLoadedEditorAssemblies (32ms)
			RefreshPlugins (0ms)
			BeforeProcessingInitializeOnLoad (317ms)
			ProcessInitializeOnLoadAttributes (810ms)
			ProcessInitializeOnLoadMethodAttributes (74ms)
			AfterProcessingInitializeOnLoad (20ms)
			EditorAssembliesLoaded (1ms)
		ExecutionOrderSort2 (0ms)
		AwakeInstancesAfterBackupRestoration (14ms)
Refreshing native plugins compatible for Editor in 4,48 ms, found 0 plugins.
Preloading 0 native plugins for Editor in 0,00 ms.
Unloading 3223 Unused Serialized files (Serialized files now loaded: 0)
Unloading 25 unused Assets / (33,0 KB). Loaded Objects now: 3752.
Memory consumption went from 132,4 MB to 132,4 MB.
Total: 9,334383 ms (FindLiveObjects: 0,450215 ms CreateObjectMapping: 0,160872 ms MarkObjects: 8,600778 ms  DeleteObjects: 0,119734 ms)

Prepare: number of updated asset objects reloaded= 0
AssetImportParameters requested are different than current active one (requested -> active):
  custom:container-demuxer-ogg: 62fdf1f143b41e24485cea50d1cbac27 -> 
  custom:video-decoder-ogg-theora: a1e56fd34408186e4bbccfd4996cb3dc -> 
  custom:CustomObjectIndexerAttribute: 306bfa6df2d96854e1ebb52f3ddacab7 -> 
  custom:container-demuxer-webm: 4f35f7cbe854078d1ac9338744f61a02 -> 
  custom:container-muxer-webm: aa71ff27fc2769a1b78a27578f13a17b -> 
  custom:video-decoder-webm-vp8: 9c59270c3fd7afecdb556c50c9e8de78 -> 
  custom:SearchIndexIgnoredProperties: e643bd26f0fe6173181afceb89e7c659 -> 
  custom:AudioImporter_EditorPlatform: 2f0ff77a95e0ac474e3e8eeba4e2f7cb -> 
  custom:video-encoder-webm-vp8: eb34c28f22e8b96e1ab97ce403110664 -> 
  custom:audio-decoder-ogg-vorbis: bf7c407c2cedff20999df2af8eb42d56 -> 
  custom:audio-encoder-webm-vorbis: bf7c407c2cedff20999df2af8eb42d56 -> 
========================================================================
Received Import Request.
  Time since last request: 81,377061 seconds.
  path: Assets/RPG Monster DUO PBR Polyart/Prefabs/PBRDefault/TurtleShellPBR.prefab
  artifactKey: Guid(e2aafa8770d34a9591b41bedf4e318ba) Importer(815301076,1909f56bfc062723c751e8b465ee728b)
Start importing Assets/RPG Monster DUO PBR Polyart/Prefabs/PBRDefault/TurtleShellPBR.prefab using Guid(e2aafa8770d34a9591b41bedf4e318ba) Importer(815301076,1909f56bfc062723c751e8b465ee728b)  -> (artifact id: 'ebbf01f14e7a15a5d102061d47c8dd57') in 0,327560 seconds
Internal: There are remaining Allocations on the JobTempAlloc. This is a leak, and will impact performance
To Debug, run app with -diag-job-temp-memory-leak-validation cmd line argument. This will output the callstacks of the leaked allocations.
Number of updated asset objects reloaded before import = 0
Number of asset objects unloaded after import = 131
========================================================================
Received Import Request.
  Time since last request: 8,229688 seconds.
  path: Assets/Prefabs/Heads/TurtleShellPBR.prefab
  artifactKey: Guid(8d990ef0b37b5951bbe7e750cca53c83) Importer(815301076,1909f56bfc062723c751e8b465ee728b)
Start importing Assets/Prefabs/Heads/TurtleShellPBR.prefab using Guid(8d990ef0b37b5951bbe7e750cca53c83) Importer(815301076,1909f56bfc062723c751e8b465ee728b)  -> (artifact id: '2206173484538673e7db2feec7796601') in 0,048493 seconds
Internal: There are remaining Allocations on the JobTempAlloc. This is a leak, and will impact performance
To Debug, run app with -diag-job-temp-memory-leak-validation cmd line argument. This will output the callstacks of the leaked allocations.
Number of updated asset objects reloaded before import = 0
Number of asset objects unloaded after import = 131
========================================================================
Received Import Request.
  Time since last request: 12,576627 seconds.
  path: Assets/Prefabs/Heads/TurtleShellPBR.prefab
  artifactKey: Guid(8d990ef0b37b5951bbe7e750cca53c83) Importer(815301076,1909f56bfc062723c751e8b465ee728b)
Start importing Assets/Prefabs/Heads/TurtleShellPBR.prefab using Guid(8d990ef0b37b5951bbe7e750cca53c83) Importer(815301076,1909f56bfc062723c751e8b465ee728b)  -> (artifact id: '5d8ba853ce7a29a3b5ef31472bbfc48a') in 0,054758 seconds
Internal: There are remaining Allocations on the JobTempAlloc. This is a leak, and will impact performance
To Debug, run app with -diag-job-temp-memory-leak-validation cmd line argument. This will output the callstacks of the leaked allocations.
Number of updated asset objects reloaded before import = 0
Number of asset objects unloaded after import = 132
========================================================================
Received Import Request.
  Time since last request: 4,443153 seconds.
  path: Assets/Prefabs/Heads/TurtleShellPBR.prefab
  artifactKey: Guid(8d990ef0b37b5951bbe7e750cca53c83) Importer(815301076,1909f56bfc062723c751e8b465ee728b)
Start importing Assets/Prefabs/Heads/TurtleShellPBR.prefab using Guid(8d990ef0b37b5951bbe7e750cca53c83) Importer(815301076,1909f56bfc062723c751e8b465ee728b)  -> (artifact id: 'cb0723748e924d64adf6c71c1b4b0ad8') in 0,059409 seconds
Internal: There are remaining Allocations on the JobTempAlloc. This is a leak, and will impact performance
To Debug, run app with -diag-job-temp-memory-leak-validation cmd line argument. This will output the callstacks of the leaked allocations.
Number of updated asset objects reloaded before import = 0
Number of asset objects unloaded after import = 132
========================================================================
Received Import Request.
  Time since last request: 4,634596 seconds.
  path: Assets/Prefabs/Heads/TurtleShellPBR.prefab
  artifactKey: Guid(8d990ef0b37b5951bbe7e750cca53c83) Importer(815301076,1909f56bfc062723c751e8b465ee728b)
Start importing Assets/Prefabs/Heads/TurtleShellPBR.prefab using Guid(8d990ef0b37b5951bbe7e750cca53c83) Importer(815301076,1909f56bfc062723c751e8b465ee728b)  -> (artifact id: '6c8f91980f5800401b02e337e8b35c92') in 0,048935 seconds
Internal: There are remaining Allocations on the JobTempAlloc. This is a leak, and will impact performance
To Debug, run app with -diag-job-temp-memory-leak-validation cmd line argument. This will output the callstacks of the leaked allocations.
Number of updated asset objects reloaded before import = 0
Number of asset objects unloaded after import = 132
========================================================================
Received Import Request.
  Time since last request: 11,311653 seconds.
  path: Assets/Prefabs/Heads/TurtleShellPBR.prefab
  artifactKey: Guid(8d990ef0b37b5951bbe7e750cca53c83) Importer(815301076,1909f56bfc062723c751e8b465ee728b)
Start importing Assets/Prefabs/Heads/TurtleShellPBR.prefab using Guid(8d990ef0b37b5951bbe7e750cca53c83) Importer(815301076,1909f56bfc062723c751e8b465ee728b)  -> (artifact id: '1f6c09fba32b2d05f22b6c172546cd34') in 0,054524 seconds
Internal: There are remaining Allocations on the JobTempAlloc. This is a leak, and will impact performance
To Debug, run app with -diag-job-temp-memory-leak-validation cmd line argument. This will output the callstacks of the leaked allocations.
Number of updated asset objects reloaded before import = 0
Number of asset objects unloaded after import = 133
========================================================================
Received Prepare
Begin MonoManager ReloadAssembly
Internal: deleting an allocation that is older than its permitted lifetime of 4 frames (age = 5)
Internal: deleting an allocation that is older than its permitted lifetime of 4 frames (age = 5)
Internal: deleting an allocation that is older than its permitted lifetime of 4 frames (age = 6)
Internal: deleting an allocation that is older than its permitted lifetime of 4 frames (age = 6)
Symbol file LoadedFromMemory doesn't match image /home/zixxa/unity_projects/snake/Library/PackageCache/com.unity.visualscripting@1.8.0/Editor/VisualScripting.Core/Dependencies/YamlDotNet/Unity.VisualScripting.YamlDotNet.dll
Symbol file LoadedFromMemory doesn't match image /home/zixxa/unity_projects/snake/Library/PackageCache/com.unity.visualscripting@1.8.0/Editor/VisualScripting.Core/Dependencies/DotNetZip/Unity.VisualScripting.IonicZip.dll
- Loaded All Assemblies, in  1,953 seconds
Refreshing native plugins compatible for Editor in 4,98 ms, found 0 plugins.
Native extension for LinuxStandalone target not found
Native extension for WindowsStandalone target not found
Native extension for Android target not found
Mono: successfully reloaded assembly
- Finished resetting the current domain, in  2,586 seconds
Domain Reload Profiling: 4536ms
	BeginReloadAssembly (338ms)
		ExecutionOrderSort (0ms)
		DisableScriptedObjects (17ms)
		BackupInstance (0ms)
		ReleaseScriptingObjects (0ms)
		CreateAndSetChildDomain (113ms)
	RebuildCommonClasses (111ms)
	RebuildNativeTypeToScriptingClass (27ms)
	initialDomainReloadingComplete (90ms)
	LoadAllAssembliesAndSetupDomain (1384ms)
		LoadAssemblies (652ms)
		RebuildTransferFunctionScriptingTraits (0ms)
		AnalyzeDomain (864ms)
			TypeCache.Refresh (851ms)
				TypeCache.ScanAssembly (825ms)
			ScanForSourceGeneratedMonoScriptInfo (0ms)
			ResolveRequiredComponents (13ms)
	FinalizeReload (2587ms)
		ReleaseScriptCaches (0ms)
		RebuildScriptCaches (0ms)
		SetupLoadedEditorAssemblies (1385ms)
			LogAssemblyErrors (0ms)
			InitializePlatformSupportModulesInManaged (169ms)
			SetLoadedEditorAssemblies (37ms)
			RefreshPlugins (0ms)
			BeforeProcessingInitializeOnLoad (327ms)
			ProcessInitializeOnLoadAttributes (763ms)
			ProcessInitializeOnLoadMethodAttributes (69ms)
			AfterProcessingInitializeOnLoad (20ms)
			EditorAssembliesLoaded (1ms)
		ExecutionOrderSort2 (0ms)
		AwakeInstancesAfterBackupRestoration (14ms)
Refreshing native plugins compatible for Editor in 4,58 ms, found 0 plugins.
Preloading 0 native plugins for Editor in 0,00 ms.
Unloading 3223 Unused Serialized files (Serialized files now loaded: 0)
Unloading 24 unused Assets / (31,6 KB). Loaded Objects now: 3761.
Memory consumption went from 132,7 MB to 132,7 MB.
Total: 9,336929 ms (FindLiveObjects: 0,517680 ms CreateObjectMapping: 0,262702 ms MarkObjects: 8,344969 ms  DeleteObjects: 0,208431 ms)

Prepare: number of updated asset objects reloaded= 0
AssetImportParameters requested are different than current active one (requested -> active):
  custom:container-demuxer-ogg: 62fdf1f143b41e24485cea50d1cbac27 -> 
  custom:video-decoder-ogg-theora: a1e56fd34408186e4bbccfd4996cb3dc -> 
  custom:CustomObjectIndexerAttribute: 306bfa6df2d96854e1ebb52f3ddacab7 -> 
  custom:container-demuxer-webm: 4f35f7cbe854078d1ac9338744f61a02 -> 
  custom:container-muxer-webm: aa71ff27fc2769a1b78a27578f13a17b -> 
  custom:video-decoder-webm-vp8: 9c59270c3fd7afecdb556c50c9e8de78 -> 
  custom:SearchIndexIgnoredProperties: e643bd26f0fe6173181afceb89e7c659 -> 
  custom:AudioImporter_EditorPlatform: 2f0ff77a95e0ac474e3e8eeba4e2f7cb -> 
  custom:video-encoder-webm-vp8: eb34c28f22e8b96e1ab97ce403110664 -> 
  custom:audio-decoder-ogg-vorbis: bf7c407c2cedff20999df2af8eb42d56 -> 
  custom:audio-encoder-webm-vorbis: bf7c407c2cedff20999df2af8eb42d56 -> 
========================================================================
Received Prepare
Begin MonoManager ReloadAssembly
Symbol file LoadedFromMemory doesn't match image /home/zixxa/unity_projects/snake/Library/PackageCache/com.unity.visualscripting@1.8.0/Editor/VisualScripting.Core/Dependencies/YamlDotNet/Unity.VisualScripting.YamlDotNet.dll
Symbol file LoadedFromMemory doesn't match image /home/zixxa/unity_projects/snake/Library/PackageCache/com.unity.visualscripting@1.8.0/Editor/VisualScripting.Core/Dependencies/DotNetZip/Unity.VisualScripting.IonicZip.dll
- Loaded All Assemblies, in  2,551 seconds
Refreshing native plugins compatible for Editor in 6,85 ms, found 0 plugins.
Native extension for LinuxStandalone target not found
Native extension for WindowsStandalone target not found
Native extension for Android target not found
Mono: successfully reloaded assembly
- Finished resetting the current domain, in  3,775 seconds
Domain Reload Profiling: 6323ms
	BeginReloadAssembly (491ms)
		ExecutionOrderSort (0ms)
		DisableScriptedObjects (25ms)
		BackupInstance (0ms)
		ReleaseScriptingObjects (0ms)
		CreateAndSetChildDomain (166ms)
	RebuildCommonClasses (142ms)
	RebuildNativeTypeToScriptingClass (43ms)
	initialDomainReloadingComplete (118ms)
	LoadAllAssembliesAndSetupDomain (1753ms)
		LoadAssemblies (914ms)
		RebuildTransferFunctionScriptingTraits (0ms)
		AnalyzeDomain (1036ms)
			TypeCache.Refresh (1015ms)
				TypeCache.ScanAssembly (981ms)
			ScanForSourceGeneratedMonoScriptInfo (0ms)
			ResolveRequiredComponents (22ms)
	FinalizeReload (3776ms)
		ReleaseScriptCaches (0ms)
		RebuildScriptCaches (0ms)
		SetupLoadedEditorAssemblies (2148ms)
			LogAssemblyErrors (0ms)
			InitializePlatformSupportModulesInManaged (239ms)
			SetLoadedEditorAssemblies (51ms)
			RefreshPlugins (0ms)
			BeforeProcessingInitializeOnLoad (399ms)
			ProcessInitializeOnLoadAttributes (1296ms)
			ProcessInitializeOnLoadMethodAttributes (110ms)
			AfterProcessingInitializeOnLoad (52ms)
			EditorAssembliesLoaded (1ms)
		ExecutionOrderSort2 (0ms)
		AwakeInstancesAfterBackupRestoration (59ms)
Refreshing native plugins compatible for Editor in 6,86 ms, found 0 plugins.
Preloading 0 native plugins for Editor in 0,00 ms.
Unloading 3224 Unused Serialized files (Serialized files now loaded: 0)
Unloading 22 unused Assets / (30,7 KB). Loaded Objects now: 3764.
Memory consumption went from 133,0 MB to 132,9 MB.
Total: 14,465666 ms (FindLiveObjects: 0,658795 ms CreateObjectMapping: 0,676078 ms MarkObjects: 12,996641 ms  DeleteObjects: 0,129152 ms)

Prepare: number of updated asset objects reloaded= 0
AssetImportParameters requested are different than current active one (requested -> active):
  custom:container-demuxer-ogg: 62fdf1f143b41e24485cea50d1cbac27 -> 
  custom:video-decoder-ogg-theora: a1e56fd34408186e4bbccfd4996cb3dc -> 
  custom:CustomObjectIndexerAttribute: 306bfa6df2d96854e1ebb52f3ddacab7 -> 
  custom:container-demuxer-webm: 4f35f7cbe854078d1ac9338744f61a02 -> 
  custom:container-muxer-webm: aa71ff27fc2769a1b78a27578f13a17b -> 
  custom:video-decoder-webm-vp8: 9c59270c3fd7afecdb556c50c9e8de78 -> 
  custom:SearchIndexIgnoredProperties: e643bd26f0fe6173181afceb89e7c659 -> 
  custom:AudioImporter_EditorPlatform: 2f0ff77a95e0ac474e3e8eeba4e2f7cb -> 
  custom:video-encoder-webm-vp8: eb34c28f22e8b96e1ab97ce403110664 -> 
  custom:audio-decoder-ogg-vorbis: bf7c407c2cedff20999df2af8eb42d56 -> 
  custom:audio-encoder-webm-vorbis: bf7c407c2cedff20999df2af8eb42d56 -> 
========================================================================
Received Import Request.
  Time since last request: 5286,308664 seconds.
  path: Assets/Scripts/StaticData/Combinations/BlueCombination.asset
  artifactKey: Guid(bff056f4cb89918b4aa5d1f8e99141e3) Importer(815301076,1909f56bfc062723c751e8b465ee728b)
Start importing Assets/Scripts/StaticData/Combinations/BlueCombination.asset using Guid(bff056f4cb89918b4aa5d1f8e99141e3) Importer(815301076,1909f56bfc062723c751e8b465ee728b)  -> (artifact id: '371a492571343c27beb9904c4bcb6d5a') in 0,052649 seconds
Number of updated asset objects reloaded before import = 0
Number of asset objects unloaded after import = 24
========================================================================
Received Import Request.
  Time since last request: 0,000046 seconds.
  path: Assets/Scripts/StaticData/Combinations/RedCombination.asset
  artifactKey: Guid(013df74aa35146cb2ba7efa777932922) Importer(815301076,1909f56bfc062723c751e8b465ee728b)
Start importing Assets/Scripts/StaticData/Combinations/RedCombination.asset using Guid(013df74aa35146cb2ba7efa777932922) Importer(815301076,1909f56bfc062723c751e8b465ee728b)  -> (artifact id: '1d5b5f1730b22c3e4556075b1bfb101e') in 0,006422 seconds
Number of updated asset objects reloaded before import = 0
Number of asset objects unloaded after import = 23
========================================================================
Received Import Request.
  Time since last request: 1,289537 seconds.
  path: Assets/Scripts/StaticData/Points/BluePoint.asset
  artifactKey: Guid(ea5e5f89b78748704a08617d957e872b) Importer(815301076,1909f56bfc062723c751e8b465ee728b)
Start importing Assets/Scripts/StaticData/Points/BluePoint.asset using Guid(ea5e5f89b78748704a08617d957e872b) Importer(815301076,1909f56bfc062723c751e8b465ee728b)  -> (artifact id: '753ea8ab8f193b9f8074c8788ded668e') in 0,003828 seconds
Number of updated asset objects reloaded before import = 0
Number of asset objects unloaded after import = 11
========================================================================
Received Import Request.
  Time since last request: 0,005815 seconds.
  path: Assets/Scripts/StaticData/Points/Bomb.asset
  artifactKey: Guid(b6366d73f9429e534996ab5caf4cb566) Importer(815301076,1909f56bfc062723c751e8b465ee728b)
Start importing Assets/Scripts/StaticData/Points/Bomb.asset using Guid(b6366d73f9429e534996ab5caf4cb566) Importer(815301076,1909f56bfc062723c751e8b465ee728b)  -> (artifact id: '7f8ab581e792b6305df306c8c01535ce') in 0,005034 seconds
Number of updated asset objects reloaded before import = 0
Number of asset objects unloaded after import = 10
========================================================================
Received Import Request.
  Time since last request: 0,000037 seconds.
  path: Assets/Scripts/StaticData/Points/RedPoint.asset
  artifactKey: Guid(280c8599461527ec5b7cb73a3ce5442b) Importer(815301076,1909f56bfc062723c751e8b465ee728b)
Start importing Assets/Scripts/StaticData/Points/RedPoint.asset using Guid(280c8599461527ec5b7cb73a3ce5442b) Importer(815301076,1909f56bfc062723c751e8b465ee728b)  -> (artifact id: '34c184f3fc06e4208d421cbb234d7ebb') in 0,004214 seconds
Number of updated asset objects reloaded before import = 0
Number of asset objects unloaded after import = 11
========================================================================
Received Import Request.
  Time since last request: 21,054071 seconds.
  path: Assets/Prefabs/Body/BlueSnakeBody.prefab
  artifactKey: Guid(f80291a9d79233921b5b5137fb9cd4fd) Importer(815301076,1909f56bfc062723c751e8b465ee728b)
Start importing Assets/Prefabs/Body/BlueSnakeBody.prefab using Guid(f80291a9d79233921b5b5137fb9cd4fd) Importer(815301076,1909f56bfc062723c751e8b465ee728b)  -> (artifact id: '75de0dd007096319258d3df033f11f9b') in 0,249579 seconds
Number of updated asset objects reloaded before import = 0
Number of asset objects unloaded after import = 14
========================================================================
Received Import Request.
  Time since last request: 0,000049 seconds.
  path: Assets/Prefabs/Body/RedSnakeBody.prefab
  artifactKey: Guid(1e217742df28fdca8b1e9cb9675689e1) Importer(815301076,1909f56bfc062723c751e8b465ee728b)
Start importing Assets/Prefabs/Body/RedSnakeBody.prefab using Guid(1e217742df28fdca8b1e9cb9675689e1) Importer(815301076,1909f56bfc062723c751e8b465ee728b)  -> (artifact id: 'd46864f8c1e090441c6da35bdfc6f683') in 0,019971 seconds
Number of updated asset objects reloaded before import = 0
Number of asset objects unloaded after import = 13
========================================================================
Received Import Request.
  Time since last request: 0,000058 seconds.
  path: Assets/Prefabs/Body/PinkSnakeBody.prefab
  artifactKey: Guid(d8169ef2d8b4b7b68bc341380797cf24) Importer(815301076,1909f56bfc062723c751e8b465ee728b)
Start importing Assets/Prefabs/Body/PinkSnakeBody.prefab using Guid(d8169ef2d8b4b7b68bc341380797cf24) Importer(815301076,1909f56bfc062723c751e8b465ee728b)  -> (artifact id: '242666e84a0b4c8646e6b678adce7240') in 0,020216 seconds
Number of updated asset objects reloaded before import = 0
Number of asset objects unloaded after import = 13
========================================================================
Received Import Request.
  Time since last request: 0,000038 seconds.
  path: Assets/Prefabs/Body/OrangeSnakeBody.prefab
  artifactKey: Guid(4a60fc536757d1bf0997f7b1620f2119) Importer(815301076,1909f56bfc062723c751e8b465ee728b)
Start importing Assets/Prefabs/Body/OrangeSnakeBody.prefab using Guid(4a60fc536757d1bf0997f7b1620f2119) Importer(815301076,1909f56bfc062723c751e8b465ee728b)  -> (artifact id: 'd0919befae5e68070017dcf156a89991') in 0,020448 seconds
Number of updated asset objects reloaded before import = 0
Number of asset objects unloaded after import = 13
========================================================================
Received Import Request.
  Time since last request: 0,000044 seconds.
  path: Assets/Prefabs/Body/GreenSnakeBody.prefab
  artifactKey: Guid(153bbedad2d524700a00a4b7d95b9c02) Importer(815301076,1909f56bfc062723c751e8b465ee728b)
Start importing Assets/Prefabs/Body/GreenSnakeBody.prefab using Guid(153bbedad2d524700a00a4b7d95b9c02) Importer(815301076,1909f56bfc062723c751e8b465ee728b)  -> (artifact id: 'e9a63235de68c4f1551c96fe5383bc69') in 0,020867 seconds
Number of updated asset objects reloaded before import = 0
Number of asset objects unloaded after import = 13
========================================================================
Received Import Request.
  Time since last request: 10,958527 seconds.
  path: Assets/Scripts/StaticData/HeadsListData.asset
  artifactKey: Guid(dc5cdc92634dfe7dda6b35d6ffffd713) Importer(815301076,1909f56bfc062723c751e8b465ee728b)
Start importing Assets/Scripts/StaticData/HeadsListData.asset using Guid(dc5cdc92634dfe7dda6b35d6ffffd713) Importer(815301076,1909f56bfc062723c751e8b465ee728b)  -> (artifact id: 'b467be5b9ad92366dffec9444e32935f') in 0,015893 seconds
Number of updated asset objects reloaded before import = 0
Number of asset objects unloaded after import = 86
========================================================================
Received Prepare
Begin MonoManager ReloadAssembly
Symbol file LoadedFromMemory doesn't match image /home/zixxa/unity_projects/snake/Library/PackageCache/com.unity.visualscripting@1.8.0/Editor/VisualScripting.Core/Dependencies/YamlDotNet/Unity.VisualScripting.YamlDotNet.dll
Symbol file LoadedFromMemory doesn't match image /home/zixxa/unity_projects/snake/Library/PackageCache/com.unity.visualscripting@1.8.0/Editor/VisualScripting.Core/Dependencies/DotNetZip/Unity.VisualScripting.IonicZip.dll
- Loaded All Assemblies, in  3,123 seconds
Refreshing native plugins compatible for Editor in 6,53 ms, found 0 plugins.
Native extension for LinuxStandalone target not found
Native extension for WindowsStandalone target not found
Native extension for Android target not found
Mono: successfully reloaded assembly
- Finished resetting the current domain, in  3,760 seconds
Domain Reload Profiling: 6879ms
	BeginReloadAssembly (558ms)
		ExecutionOrderSort (0ms)
		DisableScriptedObjects (31ms)
		BackupInstance (0ms)
		ReleaseScriptingObjects (0ms)
		CreateAndSetChildDomain (199ms)
	RebuildCommonClasses (181ms)
	RebuildNativeTypeToScriptingClass (44ms)
	initialDomainReloadingComplete (142ms)
	LoadAllAssembliesAndSetupDomain (2191ms)
		LoadAssemblies (1141ms)
		RebuildTransferFunctionScriptingTraits (0ms)
		AnalyzeDomain (1265ms)
			TypeCache.Refresh (1243ms)
				TypeCache.ScanAssembly (1199ms)
			ScanForSourceGeneratedMonoScriptInfo (0ms)
			ResolveRequiredComponents (22ms)
	FinalizeReload (3762ms)
		ReleaseScriptCaches (0ms)
		RebuildScriptCaches (0ms)
		SetupLoadedEditorAssemblies (1983ms)
			LogAssemblyErrors (0ms)
			InitializePlatformSupportModulesInManaged (244ms)
			SetLoadedEditorAssemblies (40ms)
			RefreshPlugins (0ms)
			BeforeProcessingInitializeOnLoad (442ms)
			ProcessInitializeOnLoadAttributes (1123ms)
			ProcessInitializeOnLoadMethodAttributes (105ms)
			AfterProcessingInitializeOnLoad (28ms)
			EditorAssembliesLoaded (1ms)
		ExecutionOrderSort2 (0ms)
		AwakeInstancesAfterBackupRestoration (22ms)
Refreshing native plugins compatible for Editor in 6,14 ms, found 0 plugins.
Preloading 0 native plugins for Editor in 0,00 ms.
Unloading 3223 Unused Serialized files (Serialized files now loaded: 0)
Unloading 23 unused Assets / (31,4 KB). Loaded Objects now: 3767.
Memory consumption went from 132,7 MB to 132,7 MB.
Total: 16,820231 ms (FindLiveObjects: 0,959429 ms CreateObjectMapping: 1,066530 ms MarkObjects: 14,562808 ms  DeleteObjects: 0,225974 ms)

Prepare: number of updated asset objects reloaded= 0
AssetImportParameters requested are different than current active one (requested -> active):
  custom:container-demuxer-ogg: 62fdf1f143b41e24485cea50d1cbac27 -> 
  custom:video-decoder-ogg-theora: a1e56fd34408186e4bbccfd4996cb3dc -> 
  custom:CustomObjectIndexerAttribute: 306bfa6df2d96854e1ebb52f3ddacab7 -> 
  custom:container-demuxer-webm: 4f35f7cbe854078d1ac9338744f61a02 -> 
  custom:container-muxer-webm: aa71ff27fc2769a1b78a27578f13a17b -> 
  custom:video-decoder-webm-vp8: 9c59270c3fd7afecdb556c50c9e8de78 -> 
  custom:SearchIndexIgnoredProperties: e643bd26f0fe6173181afceb89e7c659 -> 
  custom:AudioImporter_EditorPlatform: 2f0ff77a95e0ac474e3e8eeba4e2f7cb -> 
  custom:video-encoder-webm-vp8: eb34c28f22e8b96e1ab97ce403110664 -> 
  custom:audio-decoder-ogg-vorbis: bf7c407c2cedff20999df2af8eb42d56 -> 
  custom:audio-encoder-webm-vorbis: bf7c407c2cedff20999df2af8eb42d56 -> 
========================================================================
Received Prepare
Begin MonoManager ReloadAssembly
Symbol file LoadedFromMemory doesn't match image /home/zixxa/unity_projects/snake/Library/PackageCache/com.unity.visualscripting@1.8.0/Editor/VisualScripting.Core/Dependencies/YamlDotNet/Unity.VisualScripting.YamlDotNet.dll
Symbol file LoadedFromMemory doesn't match image /home/zixxa/unity_projects/snake/Library/PackageCache/com.unity.visualscripting@1.8.0/Editor/VisualScripting.Core/Dependencies/DotNetZip/Unity.VisualScripting.IonicZip.dll
- Loaded All Assemblies, in  2,735 seconds
Refreshing native plugins compatible for Editor in 6,54 ms, found 0 plugins.
Native extension for LinuxStandalone target not found
Native extension for WindowsStandalone target not found
Native extension for Android target not found
Mono: successfully reloaded assembly
- Finished resetting the current domain, in  3,280 seconds
Domain Reload Profiling: 6011ms
	BeginReloadAssembly (440ms)
		ExecutionOrderSort (0ms)
		DisableScriptedObjects (22ms)
		BackupInstance (0ms)
		ReleaseScriptingObjects (0ms)
		CreateAndSetChildDomain (157ms)
	RebuildCommonClasses (140ms)
	RebuildNativeTypeToScriptingClass (34ms)
	initialDomainReloadingComplete (120ms)
	LoadAllAssembliesAndSetupDomain (1996ms)
		LoadAssemblies (925ms)
		RebuildTransferFunctionScriptingTraits (0ms)
		AnalyzeDomain (1228ms)
			TypeCache.Refresh (1209ms)
				TypeCache.ScanAssembly (1177ms)
			ScanForSourceGeneratedMonoScriptInfo (0ms)
			ResolveRequiredComponents (18ms)
	FinalizeReload (3281ms)
		ReleaseScriptCaches (0ms)
		RebuildScriptCaches (0ms)
		SetupLoadedEditorAssemblies (1804ms)
			LogAssemblyErrors (0ms)
			InitializePlatformSupportModulesInManaged (220ms)
			SetLoadedEditorAssemblies (43ms)
			RefreshPlugins (0ms)
			BeforeProcessingInitializeOnLoad (439ms)
			ProcessInitializeOnLoadAttributes (990ms)
			ProcessInitializeOnLoadMethodAttributes (87ms)
			AfterProcessingInitializeOnLoad (24ms)
			EditorAssembliesLoaded (1ms)
		ExecutionOrderSort2 (0ms)
		AwakeInstancesAfterBackupRestoration (19ms)
Refreshing native plugins compatible for Editor in 6,38 ms, found 0 plugins.
Preloading 0 native plugins for Editor in 0,00 ms.
Unloading 3224 Unused Serialized files (Serialized files now loaded: 0)
Unloading 22 unused Assets / (30,6 KB). Loaded Objects now: 3770.
Memory consumption went from 132,9 MB to 132,9 MB.
Total: 14,913486 ms (FindLiveObjects: 0,783740 ms CreateObjectMapping: 0,784922 ms MarkObjects: 13,206675 ms  DeleteObjects: 0,133901 ms)

Prepare: number of updated asset objects reloaded= 0
AssetImportParameters requested are different than current active one (requested -> active):
  custom:container-demuxer-ogg: 62fdf1f143b41e24485cea50d1cbac27 -> 
  custom:video-decoder-ogg-theora: a1e56fd34408186e4bbccfd4996cb3dc -> 
  custom:CustomObjectIndexerAttribute: 306bfa6df2d96854e1ebb52f3ddacab7 -> 
  custom:container-demuxer-webm: 4f35f7cbe854078d1ac9338744f61a02 -> 
  custom:container-muxer-webm: aa71ff27fc2769a1b78a27578f13a17b -> 
  custom:video-decoder-webm-vp8: 9c59270c3fd7afecdb556c50c9e8de78 -> 
  custom:SearchIndexIgnoredProperties: e643bd26f0fe6173181afceb89e7c659 -> 
  custom:AudioImporter_EditorPlatform: 2f0ff77a95e0ac474e3e8eeba4e2f7cb -> 
  custom:video-encoder-webm-vp8: eb34c28f22e8b96e1ab97ce403110664 -> 
  custom:audio-decoder-ogg-vorbis: bf7c407c2cedff20999df2af8eb42d56 -> 
  custom:audio-encoder-webm-vorbis: bf7c407c2cedff20999df2af8eb42d56 -> 
